#
# A fatal error has been detected by the Java Runtime Environment:
#
#  EXCEPTION_ACCESS_VIOLATION (0xc0000005) at pc=0x00007ffbc5541968, pid=9708, tid=18180
#
# JRE version: Java(TM) SE Runtime Environment (18.0.2.1+1) (build 18.0.2.1+1-1)
# Java VM: Java HotSpot(TM) 64-Bit Server VM (18.0.2.1+1-1, mixed mode, sharing, tiered, compressed oops, compressed class ptrs, g1 gc, windows-amd64)
# Problematic frame:
# V  [jvm.dll+0x401968]
#
# No core dump will be written. Minidumps are not enabled by default on client versions of Windows
#
# If you would like to submit a bug report, please visit:
#   https://bugreport.java.com/bugreport/crash.jsp
#

---------------  S U M M A R Y ------------

Command Line: -agentlib:jdwp=transport=dt_socket,address=127.0.0.1:59712,suspend=y,server=n -javaagent:C:/Users/Lev Grekov/.gradle/caches/modules-2/files-2.1/org.jetbrains.kotlinx/kotlinx-coroutines-core-jvm/1.6.4/2c997cd1c0ef33f3e751d3831929aeff1390cb30/kotlinx-coroutines-core-jvm-1.6.4.jar -javaagent:C:\Users\LEVGRE~1\AppData\Local\Temp\captureAgent8jars\debugger-agent.jar=file:/C:/Users/LEVGRE~1/AppData/Local/Temp/capture.props -Dfile.encoding=UTF-8 -Dsun.stdout.encoding=UTF-8 -Dsun.stderr.encoding=UTF-8 MainKt

Host: AMD Ryzen 5 5500U with Radeon Graphics         , 12 cores, 7G,  Windows 10 , 64 bit Build 19041 (10.0.19041.3031)
Time: Wed Nov 22 20:10:29 2023 RTZ 2 (s 10 , 64 bit Build 19041 (10.0.19041.3031) elapsed time: 10.141987 seconds (0d 0h 0m 10s)

---------------  T H R E A D  ---------------

Current thread (0x0000028bd354edd0):  JavaThread "AWT-EventQueue-0" [_thread_in_vm, id=18180, stack(0x000000925b300000,0x000000925b400000)]

Stack: [0x000000925b300000,0x000000925b400000],  sp=0x000000925b3fd1b0,  free space=1012k
Native frames: (J=compiled Java code, j=interpreted, Vv=VM code, C=native code)
V  [jvm.dll+0x401968]
C  [skiko-windows-x64.dll+0x57cfc]

Java frames: (J=compiled Java code, j=interpreted, Vv=VM code)
j  org.jetbrains.skiko.redrawer.Direct3DRedrawer.initSwapChain(J)V+0
j  org.jetbrains.skiko.redrawer.Direct3DRedrawer.initSwapChain()V+5
j  org.jetbrains.skiko.context.Direct3DContextHandler.initCanvas()V+106
j  org.jetbrains.skiko.context.ContextHandler.draw()V+21
j  org.jetbrains.skiko.redrawer.Direct3DRedrawer.drawAndSwap(Z)V+21
j  org.jetbrains.skiko.redrawer.Direct3DRedrawer.redrawImmediately()V+180
j  org.jetbrains.skiko.SkiaLayer.paint(Ljava/awt/Graphics;)V+102
j  androidx.compose.ui.awt.ComposeLayer$ComponentImpl.paint(Ljava/awt/Graphics;)V+12
j  javax.swing.JComponent.paintChildren(Ljava/awt/Graphics;)V+516 java.desktop@18.0.2.1
j  javax.swing.JComponent.paint(Ljava/awt/Graphics;)V+318 java.desktop@18.0.2.1
j  javax.swing.JLayeredPane.paint(Ljava/awt/Graphics;)V+73 java.desktop@18.0.2.1
j  javax.swing.JComponent.paintChildren(Ljava/awt/Graphics;)V+516 java.desktop@18.0.2.1
j  javax.swing.JComponent.paint(Ljava/awt/Graphics;)V+318 java.desktop@18.0.2.1
j  androidx.compose.ui.window.Window_desktopKt$Window$11$1.invoke(Landroidx/compose/ui/awt/ComposeWindow;)V+75
j  androidx.compose.ui.window.Window_desktopKt$Window$11$1.invoke(Ljava/lang/Object;)Ljava/lang/Object;+5
j  androidx.compose.ui.window.AwtWindow_desktopKt$AwtWindow$3.invoke()V+13
j  androidx.compose.ui.window.AwtWindow_desktopKt$AwtWindow$3.invoke()Ljava/lang/Object;+1
j  androidx.compose.ui.util.UpdateEffect_desktopKt$UpdateEffect$2$performUpdate$1.invoke()V+7
j  androidx.compose.ui.util.UpdateEffect_desktopKt$UpdateEffect$2$performUpdate$1.invoke()Ljava/lang/Object;+1
j  androidx.compose.runtime.snapshots.Snapshot$Companion.observe(Lkotlin/jvm/functions/Function1;Lkotlin/jvm/functions/Function1;Lkotlin/jvm/functions/Function0;)Ljava/lang/Object;+108
j  androidx.compose.runtime.snapshots.SnapshotStateObserver$observeReads$1$1.invoke()V+15
j  androidx.compose.runtime.snapshots.SnapshotStateObserver$observeReads$1$1.invoke()Ljava/lang/Object;+1
j  androidx.compose.runtime.SnapshotStateKt__DerivedStateKt.observeDerivedStateRecalculations(Lkotlin/jvm/functions/Function1;Lkotlin/jvm/functions/Function1;Lkotlin/jvm/functions/Function0;)V+94
j  androidx.compose.runtime.SnapshotStateKt.observeDerivedStateRecalculations(Lkotlin/jvm/functions/Function1;Lkotlin/jvm/functions/Function1;Lkotlin/jvm/functions/Function0;)V+3
j  androidx.compose.runtime.snapshots.SnapshotStateObserver.observeReads(Ljava/lang/Object;Lkotlin/jvm/functions/Function1;Lkotlin/jvm/functions/Function0;)V+180
j  androidx.compose.ui.util.UpdateEffect_desktopKt$UpdateEffect$2.invoke$performUpdate(Landroidx/compose/runtime/snapshots/SnapshotStateObserver;Lkotlin/jvm/internal/Ref$ObjectRef;Landroidx/compose/runtime/State;)V+38
j  androidx.compose.ui.util.UpdateEffect_desktopKt$UpdateEffect$2.invoke(Landroidx/compose/runtime/DisposableEffectScope;)Landroidx/compose/runtime/DisposableEffectResult;+59
j  androidx.compose.ui.util.UpdateEffect_desktopKt$UpdateEffect$2.invoke(Ljava/lang/Object;)Ljava/lang/Object;+5
j  androidx.compose.runtime.DisposableEffectImpl.onRemembered()V+8
j  androidx.compose.runtime.CompositionImpl$RememberEventDispatcher.dispatchRememberObservers()V+234
j  androidx.compose.runtime.CompositionImpl.applyChangesInLocked(Ljava/util/List;)V+246
j  androidx.compose.runtime.CompositionImpl.applyChanges()V+38
j  androidx.compose.runtime.Recomposer.composeInitial$runtime(Landroidx/compose/runtime/ControlledComposition;Lkotlin/jvm/functions/Function2;)V+267
j  androidx.compose.runtime.CompositionImpl.setContent(Lkotlin/jvm/functions/Function2;)V+55
j  androidx.compose.ui.window.Application_desktopKt$awaitApplication$2$1$2.invokeSuspend(Ljava/lang/Object;)Ljava/lang/Object;+89
j  kotlin.coroutines.jvm.internal.BaseContinuationImpl.resumeWith(Ljava/lang/Object;)V+44
j  kotlinx.coroutines.DispatchedTask.run()V+314
j  java.awt.event.InvocationEvent.dispatch$$$capture()V+47 java.desktop@18.0.2.1
j  java.awt.event.InvocationEvent.dispatch()V+5 java.desktop@18.0.2.1
j  java.awt.EventQueue.dispatchEventImpl(Ljava/awt/AWTEvent;Ljava/lang/Object;)V+21 java.desktop@18.0.2.1
j  java.awt.EventQueue$4.run()Ljava/lang/Void;+32 java.desktop@18.0.2.1
j  java.awt.EventQueue$4.run()Ljava/lang/Object;+1 java.desktop@18.0.2.1
j  java.security.AccessController.executePrivileged(Ljava/security/PrivilegedAction;Ljava/security/AccessControlContext;Ljava/lang/Class;)Ljava/lang/Object;+29 java.base@18.0.2.1
j  java.security.AccessController.doPrivileged(Ljava/security/PrivilegedAction;Ljava/security/AccessControlContext;)Ljava/lang/Object;+13 java.base@18.0.2.1
j  java.security.ProtectionDomain$JavaSecurityAccessImpl.doIntersectionPrivilege(Ljava/security/PrivilegedAction;Ljava/security/AccessControlContext;Ljava/security/AccessControlContext;)Ljava/lang/Object;+18 java.base@18.0.2.1
j  java.awt.EventQueue.dispatchEvent(Ljava/awt/AWTEvent;)V+46 java.desktop@18.0.2.1
j  java.awt.EventDispatchThread.pumpOneEventForFilters(I)V+78 java.desktop@18.0.2.1
j  java.awt.EventDispatchThread.pumpEventsForFilter(ILjava/awt/Conditional;Ljava/awt/EventFilter;)V+35 java.desktop@18.0.2.1
j  java.awt.EventDispatchThread.pumpEventsForHierarchy(ILjava/awt/Conditional;Ljava/awt/Component;)V+11 java.desktop@18.0.2.1
j  java.awt.EventDispatchThread.pumpEvents(ILjava/awt/Conditional;)V+4 java.desktop@18.0.2.1
j  java.awt.EventDispatchThread.pumpEvents(Ljava/awt/Conditional;)V+3 java.desktop@18.0.2.1
j  java.awt.EventDispatchThread.run()V+9 java.desktop@18.0.2.1
v  ~StubRoutines::call_stub

siginfo: EXCEPTION_ACCESS_VIOLATION (0xc0000005), reading address 0x0000000000000000


Register to memory mapping:

RIP=0x00007ffbc5541968 jvm.dll
RAX=0x0 is NULL
RBX=0x0000028bd354edd0 is a thread
RCX=0x6a3cc9f7c2860000 is an unknown value
RDX=0x0000028bd4b81f50 is a global jni handle
RSP=0x000000925b3fd1b0 is pointing into the stack for thread: 0x0000028bd354edd0
RBP=0x000000925b3fd2a8 is pointing into the stack for thread: 0x0000028bd354edd0
RSI=0x0 is NULL
RDI=0x0000028bd354f060 points into unknown readable memory: 0x00007ffbc5c04720 | 20 47 c0 c5 fb 7f 00 00
R8 =0x0 is NULL
R9 =0x0000028bd3587a50 points into unknown readable memory: 0x0000000000000002 | 02 00 00 00 00 00 00 00
R10=0x0000028bd354edd0 is a thread
R11=0x000000925b3fd1a8 is pointing into the stack for thread: 0x0000028bd354edd0
R12=0x0 is NULL
R13={method} {0x0000028bcfa4cdb8} 'initSwapChain' '(J)V' in 'org/jetbrains/skiko/redrawer/Direct3DRedrawer'
R14=0x000000925b3fd490 is pointing into the stack for thread: 0x0000028bd354edd0
R15=0x0000028bd354edd0 is a thread


Registers:
RAX=0x0000000000000000, RBX=0x0000028bd354edd0, RCX=0x6a3cc9f7c2860000, RDX=0x0000028bd4b81f50
RSP=0x000000925b3fd1b0, RBP=0x000000925b3fd2a8, RSI=0x0000000000000000, RDI=0x0000028bd354f060
R8 =0x0000000000000000, R9 =0x0000028bd3587a50, R10=0x0000028bd354edd0, R11=0x000000925b3fd1a8
R12=0x0000000000000000, R13=0x0000028bcfa4cdb0, R14=0x000000925b3fd490, R15=0x0000028bd354edd0
RIP=0x00007ffbc5541968, EFLAGS=0x0000000000010206

Top of Stack: (sp=0x000000925b3fd1b0)
0x000000925b3fd1b0:   0000028bd354edd0 0000000000000084
0x000000925b3fd1c0:   000000925b3fd248 000000925b3fd2c0
0x000000925b3fd1d0:   0000028bcebef830 0000000000000680
0x000000925b3fd1e0:   000000925b3fd490 0000028bd354edd0
0x000000925b3fd1f0:   000000925b3fd2c0 00007ffbc556a896
0x000000925b3fd200:   0000028bd354edd0 0000028bcebef828
0x000000925b3fd210:   0000009200000450 00007ffbc5a766d0
0x000000925b3fd220:   0000028bd354edd0 000000925b3fd490
0x000000925b3fd230:   000000925b3fd2c0 00007ffbc5545941
0x000000925b3fd240:   0000028bd354edd0 000000925b3fd460
0x000000925b3fd250:   000000925b3fd490 00007ffbc3a87cfc
0x000000925b3fd260:   0000028bd354f060 000000925b3fd460
0x000000925b3fd270:   0000028bcfdbd8c8 0000028bd4439ff4
0x000000925b3fd280:   0000028bd4439ff4 00007ffbc3a881bc
0x000000925b3fd290:   0000028bd354f060 0000028bcfdbd8c8
0x000000925b3fd2a0:   0000000000000000 0000028bd35705f8 

Instructions: (pc=0x00007ffbc5541968)
0x00007ffbc5541868:   4b 10 48 8b 43 08 48 8b d7 48 89 48 10 48 8b 4b
0x00007ffbc5541878:   08 48 8b 43 18 48 89 41 18 48 8b 4b 08 48 8b 43
0x00007ffbc5541888:   20 48 89 41 20 48 8d 8f 70 02 00 00 e8 07 5f ee
0x00007ffbc5541898:   ff c7 87 30 03 00 00 04 00 00 00 48 81 c4 b0 00
0x00007ffbc55418a8:   00 00 41 5e 5f 5e 5d 5b c3 cc cc cc cc cc cc cc
0x00007ffbc55418b8:   cc cc cc cc cc cc cc cc 48 89 5c 24 08 48 89 6c
0x00007ffbc55418c8:   24 10 48 89 74 24 18 48 89 7c 24 20 41 56 48 81
0x00007ffbc55418d8:   ec a0 00 00 00 8b 81 c8 00 00 00 48 8d 99 70 fd
0x00007ffbc55418e8:   ff ff 05 55 21 ff ff 49 8b e9 49 8b f0 48 8b f9
0x00007ffbc55418f8:   83 f8 01 76 0a 48 8b cb e8 2b f8 39 00 33 db c7
0x00007ffbc5541908:   83 30 03 00 00 06 00 00 00 e8 da 8e 28 00 48 8b
0x00007ffbc5541918:   83 38 03 00 00 a8 01 74 0a b2 01 48 8b cb e8 55
0x00007ffbc5541928:   72 2f 00 8b 83 20 03 00 00 a8 0d 74 0a 33 d2 48
0x00007ffbc5541938:   8b cb e8 01 1f 3a 00 48 83 7b 08 00 c7 83 30 03
0x00007ffbc5541948:   00 00 06 00 00 00 48 89 5c 24 50 48 c7 44 24 58
0x00007ffbc5541958:   00 00 00 00 74 0a 48 8d 4c 24 50 e8 58 21 2c 00
0x00007ffbc5541968:   48 8b 16 48 8d 4c 24 70 c7 44 24 40 0e 00 00 00
0x00007ffbc5541978:   e8 23 c1 00 00 48 8d 44 24 70 48 89 5c 24 30 48
0x00007ffbc5541988:   89 44 24 28 4c 8d 35 c5 4d 53 00 45 33 c9 48 89
0x00007ffbc5541998:   74 24 20 45 33 c0 4c 89 74 24 70 48 8d 54 24 40
0x00007ffbc55419a8:   48 89 ac 24 98 00 00 00 48 8b cf e8 68 d4 00 00
0x00007ffbc55419b8:   48 83 7c 24 58 00 4c 89 74 24 70 48 c7 84 24 98
0x00007ffbc55419c8:   00 00 00 00 00 00 00 74 0a 48 8d 4c 24 50 e8 65
0x00007ffbc55419d8:   21 2c 00 48 8b bb d0 00 00 00 48 8b 4f 10 48 83
0x00007ffbc55419e8:   39 00 74 0c 48 8b cf e8 9c b3 f6 ff 48 8b 4f 10
0x00007ffbc55419f8:   48 8b 47 08 48 8b d3 48 89 48 10 48 8b 4f 08 48
0x00007ffbc5541a08:   8b 47 18 48 89 41 18 48 8b 4f 08 48 8b 47 20 48
0x00007ffbc5541a18:   89 41 20 48 8d 8b 70 02 00 00 e8 79 5d ee ff 4c
0x00007ffbc5541a28:   8d 9c 24 a0 00 00 00 c7 83 30 03 00 00 04 00 00
0x00007ffbc5541a38:   00 49 8b 5b 10 49 8b 6b 18 49 8b 73 20 49 8b 7b
0x00007ffbc5541a48:   28 49 8b e3 41 5e c3 cc 48 89 5c 24 08 48 89 6c
0x00007ffbc5541a58:   24 10 48 89 74 24 18 57 48 81 ec a0 00 00 00 8b 


Stack slot to memory mapping:
stack at sp + 0 slots: 0x0000028bd354edd0 is a thread
stack at sp + 1 slots: 0x0000000000000084 is an unknown value
stack at sp + 2 slots: 0x000000925b3fd248 is pointing into the stack for thread: 0x0000028bd354edd0
stack at sp + 3 slots: 0x000000925b3fd2c0 is pointing into the stack for thread: 0x0000028bd354edd0
stack at sp + 4 slots: 0x0000028bcebef830 points into unknown readable memory: 0x000000008ffc0bf8 | f8 0b fc 8f 00 00 00 00
stack at sp + 5 slots: 0x0000000000000680 is an unknown value
stack at sp + 6 slots: 0x000000925b3fd490 is pointing into the stack for thread: 0x0000028bd354edd0
stack at sp + 7 slots: 0x0000028bd354edd0 is a thread


---------------  P R O C E S S  ---------------

Threads class SMR info:
_java_thread_list=0x0000028bd4b7d0c0, length=23, elements={
0x0000028baeb8bdd0, 0x0000028bcebbc0e0, 0x0000028bcebbdd50, 0x0000028bcebd2e50,
0x0000028bcebd37f0, 0x0000028bcebd4190, 0x0000028bcebd4b30, 0x0000028bcebd7950,
0x0000028bcebe15c0, 0x0000028bcebeea50, 0x0000028bceba9b20, 0x0000028bd30fd150,
0x0000028bd3315630, 0x0000028bd34202b0, 0x0000028bd356f830, 0x0000028bd3572f80,
0x0000028bd354edd0, 0x0000028bd4477050, 0x0000028bd4477510, 0x0000028bd44819d0,
0x0000028bd44897a0, 0x0000028bd44875f0, 0x0000028bd44892d0
}

Java Threads: ( => current thread )
  0x0000028baeb8bdd0 JavaThread "main" [_thread_blocked, id=17920, stack(0x0000009259f00000,0x000000925a000000)]
  0x0000028bcebbc0e0 JavaThread "Reference Handler" daemon [_thread_blocked, id=18256, stack(0x000000925a600000,0x000000925a700000)]
  0x0000028bcebbdd50 JavaThread "Finalizer" daemon [_thread_blocked, id=21032, stack(0x000000925a700000,0x000000925a800000)]
  0x0000028bcebd2e50 JavaThread "Signal Dispatcher" daemon [_thread_blocked, id=2292, stack(0x000000925a800000,0x000000925a900000)]
  0x0000028bcebd37f0 JavaThread "Attach Listener" daemon [_thread_blocked, id=24256, stack(0x000000925a900000,0x000000925aa00000)]
  0x0000028bcebd4190 JavaThread "Service Thread" daemon [_thread_blocked, id=25740, stack(0x000000925aa00000,0x000000925ab00000)]
  0x0000028bcebd4b30 JavaThread "Monitor Deflation Thread" daemon [_thread_blocked, id=23132, stack(0x000000925ab00000,0x000000925ac00000)]
  0x0000028bcebd7950 JavaThread "C2 CompilerThread0" daemon [_thread_blocked, id=26752, stack(0x000000925ac00000,0x000000925ad00000)]
  0x0000028bcebe15c0 JavaThread "C1 CompilerThread0" daemon [_thread_blocked, id=15048, stack(0x000000925ad00000,0x000000925ae00000)]
  0x0000028bcebeea50 JavaThread "Sweeper thread" daemon [_thread_blocked, id=23384, stack(0x000000925ae00000,0x000000925af00000)]
  0x0000028bceba9b20 JavaThread "Common-Cleaner" daemon [_thread_blocked, id=8740, stack(0x000000925af00000,0x000000925b000000)]
  0x0000028bd30fd150 JavaThread "JDWP Event Helper Thread" daemon [_thread_blocked, id=27628, stack(0x000000925b100000,0x000000925b200000)]
  0x0000028bd3315630 JavaThread "Coroutines Debugger Cleaner" daemon [_thread_blocked, id=10424, stack(0x000000925b400000,0x000000925b500000)]
  0x0000028bd34202b0 JavaThread "Notification Thread" daemon [_thread_blocked, id=15652, stack(0x000000925b500000,0x000000925b600000)]
  0x0000028bd356f830 JavaThread "Java2D Disposer" daemon [_thread_blocked, id=16444, stack(0x000000925b700000,0x000000925b800000)]
  0x0000028bd3572f80 JavaThread "AWT-Shutdown" [_thread_blocked, id=24216, stack(0x000000925b800000,0x000000925b900000)]
=>0x0000028bd354edd0 JavaThread "AWT-EventQueue-0" [_thread_in_vm, id=18180, stack(0x000000925b300000,0x000000925b400000)]
  0x0000028bd4477050 JavaThread "DefaultDispatcher-worker-1" daemon [_thread_blocked, id=21508, stack(0x000000925cd00000,0x000000925ce00000)]
  0x0000028bd4477510 JavaThread "DefaultDispatcher-worker-2" daemon [_thread_blocked, id=18032, stack(0x000000925ce00000,0x000000925cf00000)]
  0x0000028bd44819d0 JavaThread "DefaultDispatcher-worker-3" daemon [_thread_blocked, id=7180, stack(0x000000925cf00000,0x000000925d000000)]
  0x0000028bd44897a0 JavaThread "kotlinx.coroutines.DefaultExecutor" daemon [_thread_blocked, id=21680, stack(0x000000925d000000,0x000000925d100000)]
  0x0000028bd44875f0 JavaThread "Reference Cleaner" daemon [_thread_blocked, id=21028, stack(0x000000925d100000,0x000000925d200000)]
  0x0000028bd44892d0 JavaThread "SIGINT handler" daemon [_thread_blocked, id=19240, stack(0x000000925b000000,0x000000925b100000)]

Other Threads:
  0x0000028bcebb8aa0 VMThread "VM Thread" [stack: 0x000000925a500000,0x000000925a600000] [id=20996]
  0x0000028baeb8cd70 WatcherThread "VM Periodic Task Thread" [stack: 0x000000925b600000,0x000000925b700000] [id=5568]
  0x0000028baebe9e10 WorkerThread "GC Thread#0" [stack: 0x000000925a000000,0x000000925a100000] [id=22484]
  0x0000028bd3805440 WorkerThread "GC Thread#1" [stack: 0x000000925ba00000,0x000000925bb00000] [id=6800]
  0x0000028bd3aebaf0 WorkerThread "GC Thread#2" [stack: 0x000000925bb00000,0x000000925bc00000] [id=25896]
  0x0000028bd3aebd90 WorkerThread "GC Thread#3" [stack: 0x000000925bc00000,0x000000925bd00000] [id=24984]
  0x0000028bd3aec030 WorkerThread "GC Thread#4" [stack: 0x000000925bd00000,0x000000925be00000] [id=18836]
  0x0000028bd3aed700 WorkerThread "GC Thread#5" [stack: 0x000000925be00000,0x000000925bf00000] [id=24276]
  0x0000028bd3b28180 WorkerThread "GC Thread#6" [stack: 0x000000925bf00000,0x000000925c000000] [id=9456]
  0x0000028bd3b29140 WorkerThread "GC Thread#7" [stack: 0x000000925c000000,0x000000925c100000] [id=24600]
  0x0000028bd3b29920 WorkerThread "GC Thread#8" [stack: 0x000000925c100000,0x000000925c200000] [id=916]
  0x0000028bd3b27ee0 WorkerThread "GC Thread#9" [stack: 0x000000925c200000,0x000000925c300000] [id=24284]
  0x0000028baebf9840 ConcurrentGCThread "G1 Main Marker" [stack: 0x000000925a100000,0x000000925a200000] [id=2440]
  0x0000028baebfa230 WorkerThread "G1 Conc#0" [stack: 0x000000925a200000,0x000000925a300000] [id=3572]
  0x0000028bcea780b0 ConcurrentGCThread "G1 Refine#0" [stack: 0x000000925a300000,0x000000925a400000] [id=22916]
  0x0000028bcea789c0 ConcurrentGCThread "G1 Service" [stack: 0x000000925a400000,0x000000925a500000] [id=12872]

Threads with active compile tasks:

VM state: not at safepoint (normal execution)

VM Mutex/Monitor currently owned by a thread: None

Heap address: 0x000000008a800000, size: 1880 MB, Compressed Oops mode: 32-bit

CDS archive(s) mapped at: [0x0000000800000000-0x0000000800ba0000-0x0000000800ba0000), size 12189696, SharedBaseAddress: 0x0000000800000000, ArchiveRelocationMode: 0.
Compressed class space mapped at: 0x0000000800c00000-0x0000000840c00000, reserved size: 1073741824
Narrow klass base: 0x0000000800000000, Narrow klass shift: 0, Narrow klass range: 0x100000000

GC Precious Log:
 CardTable entry size: 512
 Card Set container configuration: InlinePtr #cards 5 size 8 Array Of Cards #cards 12 size 40 Howl #buckets 4 coarsen threshold 1843 Howl Bitmap #cards 512 size 80 coarsen threshold 460 Card regions per heap region 1 cards per card region 2048
 CPUs: 12 total, 12 available
 Memory: 7514M
 Large Page Support: Disabled
 NUMA Support: Disabled
 Compressed Oops: Enabled (32-bit)
 Heap Region Size: 1M
 Heap Min Capacity: 8M
 Heap Initial Capacity: 118M
 Heap Max Capacity: 1880M
 Pre-touch: Disabled
 Parallel Workers: 10
 Concurrent Workers: 3
 Concurrent Refinement Workers: 10
 Periodic GC: Disabled

Heap:
 garbage-first heap   total 120832K, used 34877K [0x000000008a800000, 0x0000000100000000)
  region size 1024K, 33 young (33792K), 2 survivors (2048K)
 Metaspace       used 19222K, committed 19456K, reserved 1114112K
  class space    used 1945K, committed 2048K, reserved 1048576K

Heap Regions: E=young(eden), S=young(survivor), O=old, HS=humongous(starts), HC=humongous(continues), CS=collection set, F=free, OA=open archive, CA=closed archive, TAMS=top-at-mark-start (previous, next)
|   0|0x000000008a800000, 0x000000008a900000, 0x000000008a900000|100%| O|  |TAMS 0x000000008a800000, 0x000000008a800000| Untracked 
|   1|0x000000008a900000, 0x000000008a900000, 0x000000008aa00000|  0%| F|  |TAMS 0x000000008a900000, 0x000000008a900000| Untracked 
|   2|0x000000008aa00000, 0x000000008aa00000, 0x000000008ab00000|  0%| F|  |TAMS 0x000000008aa00000, 0x000000008aa00000| Untracked 
|   3|0x000000008ab00000, 0x000000008ab00000, 0x000000008ac00000|  0%| F|  |TAMS 0x000000008ab00000, 0x000000008ab00000| Untracked 
|   4|0x000000008ac00000, 0x000000008ad00000, 0x000000008ad00000|100%| O|  |TAMS 0x000000008ac00000, 0x000000008ac00000| Untracked 
|   5|0x000000008ad00000, 0x000000008ae00000, 0x000000008ae00000|100%| O|  |TAMS 0x000000008ad00000, 0x000000008ad00000| Untracked 
|   6|0x000000008ae00000, 0x000000008ae83e00, 0x000000008af00000| 51%| O|  |TAMS 0x000000008ae00000, 0x000000008ae00000| Untracked 
|   7|0x000000008af00000, 0x000000008af00000, 0x000000008b000000|  0%| F|  |TAMS 0x000000008af00000, 0x000000008af00000| Untracked 
|   8|0x000000008b000000, 0x000000008b000000, 0x000000008b100000|  0%| F|  |TAMS 0x000000008b000000, 0x000000008b000000| Untracked 
|   9|0x000000008b100000, 0x000000008b100000, 0x000000008b200000|  0%| F|  |TAMS 0x000000008b100000, 0x000000008b100000| Untracked 
|  10|0x000000008b200000, 0x000000008b200000, 0x000000008b300000|  0%| F|  |TAMS 0x000000008b200000, 0x000000008b200000| Untracked 
|  11|0x000000008b300000, 0x000000008b300000, 0x000000008b400000|  0%| F|  |TAMS 0x000000008b300000, 0x000000008b300000| Untracked 
|  12|0x000000008b400000, 0x000000008b400000, 0x000000008b500000|  0%| F|  |TAMS 0x000000008b400000, 0x000000008b400000| Untracked 
|  13|0x000000008b500000, 0x000000008b500000, 0x000000008b600000|  0%| F|  |TAMS 0x000000008b500000, 0x000000008b500000| Untracked 
|  14|0x000000008b600000, 0x000000008b600000, 0x000000008b700000|  0%| F|  |TAMS 0x000000008b600000, 0x000000008b600000| Untracked 
|  15|0x000000008b700000, 0x000000008b700000, 0x000000008b800000|  0%| F|  |TAMS 0x000000008b700000, 0x000000008b700000| Untracked 
|  16|0x000000008b800000, 0x000000008b800000, 0x000000008b900000|  0%| F|  |TAMS 0x000000008b800000, 0x000000008b800000| Untracked 
|  17|0x000000008b900000, 0x000000008b900000, 0x000000008ba00000|  0%| F|  |TAMS 0x000000008b900000, 0x000000008b900000| Untracked 
|  18|0x000000008ba00000, 0x000000008ba00000, 0x000000008bb00000|  0%| F|  |TAMS 0x000000008ba00000, 0x000000008ba00000| Untracked 
|  19|0x000000008bb00000, 0x000000008bb00000, 0x000000008bc00000|  0%| F|  |TAMS 0x000000008bb00000, 0x000000008bb00000| Untracked 
|  20|0x000000008bc00000, 0x000000008bc00000, 0x000000008bd00000|  0%| F|  |TAMS 0x000000008bc00000, 0x000000008bc00000| Untracked 
|  21|0x000000008bd00000, 0x000000008bd00000, 0x000000008be00000|  0%| F|  |TAMS 0x000000008bd00000, 0x000000008bd00000| Untracked 
|  22|0x000000008be00000, 0x000000008be00000, 0x000000008bf00000|  0%| F|  |TAMS 0x000000008be00000, 0x000000008be00000| Untracked 
|  23|0x000000008bf00000, 0x000000008bf00000, 0x000000008c000000|  0%| F|  |TAMS 0x000000008bf00000, 0x000000008bf00000| Untracked 
|  24|0x000000008c000000, 0x000000008c000000, 0x000000008c100000|  0%| F|  |TAMS 0x000000008c000000, 0x000000008c000000| Untracked 
|  25|0x000000008c100000, 0x000000008c100000, 0x000000008c200000|  0%| F|  |TAMS 0x000000008c100000, 0x000000008c100000| Untracked 
|  26|0x000000008c200000, 0x000000008c200000, 0x000000008c300000|  0%| F|  |TAMS 0x000000008c200000, 0x000000008c200000| Untracked 
|  27|0x000000008c300000, 0x000000008c300000, 0x000000008c400000|  0%| F|  |TAMS 0x000000008c300000, 0x000000008c300000| Untracked 
|  28|0x000000008c400000, 0x000000008c400000, 0x000000008c500000|  0%| F|  |TAMS 0x000000008c400000, 0x000000008c400000| Untracked 
|  29|0x000000008c500000, 0x000000008c500000, 0x000000008c600000|  0%| F|  |TAMS 0x000000008c500000, 0x000000008c500000| Untracked 
|  30|0x000000008c600000, 0x000000008c600000, 0x000000008c700000|  0%| F|  |TAMS 0x000000008c600000, 0x000000008c600000| Untracked 
|  31|0x000000008c700000, 0x000000008c700000, 0x000000008c800000|  0%| F|  |TAMS 0x000000008c700000, 0x000000008c700000| Untracked 
|  32|0x000000008c800000, 0x000000008c800000, 0x000000008c900000|  0%| F|  |TAMS 0x000000008c800000, 0x000000008c800000| Untracked 
|  33|0x000000008c900000, 0x000000008c900000, 0x000000008ca00000|  0%| F|  |TAMS 0x000000008c900000, 0x000000008c900000| Untracked 
|  34|0x000000008ca00000, 0x000000008ca00000, 0x000000008cb00000|  0%| F|  |TAMS 0x000000008ca00000, 0x000000008ca00000| Untracked 
|  35|0x000000008cb00000, 0x000000008cb00000, 0x000000008cc00000|  0%| F|  |TAMS 0x000000008cb00000, 0x000000008cb00000| Untracked 
|  36|0x000000008cc00000, 0x000000008cc00000, 0x000000008cd00000|  0%| F|  |TAMS 0x000000008cc00000, 0x000000008cc00000| Untracked 
|  37|0x000000008cd00000, 0x000000008cd00000, 0x000000008ce00000|  0%| F|  |TAMS 0x000000008cd00000, 0x000000008cd00000| Untracked 
|  38|0x000000008ce00000, 0x000000008ce00000, 0x000000008cf00000|  0%| F|  |TAMS 0x000000008ce00000, 0x000000008ce00000| Untracked 
|  39|0x000000008cf00000, 0x000000008cf00000, 0x000000008d000000|  0%| F|  |TAMS 0x000000008cf00000, 0x000000008cf00000| Untracked 
|  40|0x000000008d000000, 0x000000008d000000, 0x000000008d100000|  0%| F|  |TAMS 0x000000008d000000, 0x000000008d000000| Untracked 
|  41|0x000000008d100000, 0x000000008d100000, 0x000000008d200000|  0%| F|  |TAMS 0x000000008d100000, 0x000000008d100000| Untracked 
|  42|0x000000008d200000, 0x000000008d200000, 0x000000008d300000|  0%| F|  |TAMS 0x000000008d200000, 0x000000008d200000| Untracked 
|  43|0x000000008d300000, 0x000000008d300000, 0x000000008d400000|  0%| F|  |TAMS 0x000000008d300000, 0x000000008d300000| Untracked 
|  44|0x000000008d400000, 0x000000008d400000, 0x000000008d500000|  0%| F|  |TAMS 0x000000008d400000, 0x000000008d400000| Untracked 
|  45|0x000000008d500000, 0x000000008d500000, 0x000000008d600000|  0%| F|  |TAMS 0x000000008d500000, 0x000000008d500000| Untracked 
|  46|0x000000008d600000, 0x000000008d600000, 0x000000008d700000|  0%| F|  |TAMS 0x000000008d600000, 0x000000008d600000| Untracked 
|  47|0x000000008d700000, 0x000000008d700000, 0x000000008d800000|  0%| F|  |TAMS 0x000000008d700000, 0x000000008d700000| Untracked 
|  48|0x000000008d800000, 0x000000008d800000, 0x000000008d900000|  0%| F|  |TAMS 0x000000008d800000, 0x000000008d800000| Untracked 
|  49|0x000000008d900000, 0x000000008d900000, 0x000000008da00000|  0%| F|  |TAMS 0x000000008d900000, 0x000000008d900000| Untracked 
|  50|0x000000008da00000, 0x000000008da00000, 0x000000008db00000|  0%| F|  |TAMS 0x000000008da00000, 0x000000008da00000| Untracked 
|  51|0x000000008db00000, 0x000000008db00000, 0x000000008dc00000|  0%| F|  |TAMS 0x000000008db00000, 0x000000008db00000| Untracked 
|  52|0x000000008dc00000, 0x000000008dc00000, 0x000000008dd00000|  0%| F|  |TAMS 0x000000008dc00000, 0x000000008dc00000| Untracked 
|  53|0x000000008dd00000, 0x000000008dd00000, 0x000000008de00000|  0%| F|  |TAMS 0x000000008dd00000, 0x000000008dd00000| Untracked 
|  54|0x000000008de00000, 0x000000008de00000, 0x000000008df00000|  0%| F|  |TAMS 0x000000008de00000, 0x000000008de00000| Untracked 
|  55|0x000000008df00000, 0x000000008df00000, 0x000000008e000000|  0%| F|  |TAMS 0x000000008df00000, 0x000000008df00000| Untracked 
|  56|0x000000008e000000, 0x000000008e000000, 0x000000008e100000|  0%| F|  |TAMS 0x000000008e000000, 0x000000008e000000| Untracked 
|  57|0x000000008e100000, 0x000000008e100000, 0x000000008e200000|  0%| F|  |TAMS 0x000000008e100000, 0x000000008e100000| Untracked 
|  58|0x000000008e200000, 0x000000008e200000, 0x000000008e300000|  0%| F|  |TAMS 0x000000008e200000, 0x000000008e200000| Untracked 
|  59|0x000000008e300000, 0x000000008e300000, 0x000000008e400000|  0%| F|  |TAMS 0x000000008e300000, 0x000000008e300000| Untracked 
|  60|0x000000008e400000, 0x000000008e400000, 0x000000008e500000|  0%| F|  |TAMS 0x000000008e400000, 0x000000008e400000| Untracked 
|  61|0x000000008e500000, 0x000000008e500000, 0x000000008e600000|  0%| F|  |TAMS 0x000000008e500000, 0x000000008e500000| Untracked 
|  62|0x000000008e600000, 0x000000008e600000, 0x000000008e700000|  0%| F|  |TAMS 0x000000008e600000, 0x000000008e600000| Untracked 
|  63|0x000000008e700000, 0x000000008e700000, 0x000000008e800000|  0%| F|  |TAMS 0x000000008e700000, 0x000000008e700000| Untracked 
|  64|0x000000008e800000, 0x000000008e800000, 0x000000008e900000|  0%| F|  |TAMS 0x000000008e800000, 0x000000008e800000| Untracked 
|  65|0x000000008e900000, 0x000000008e900000, 0x000000008ea00000|  0%| F|  |TAMS 0x000000008e900000, 0x000000008e900000| Untracked 
|  66|0x000000008ea00000, 0x000000008ea00000, 0x000000008eb00000|  0%| F|  |TAMS 0x000000008ea00000, 0x000000008ea00000| Untracked 
|  67|0x000000008eb00000, 0x000000008eb00000, 0x000000008ec00000|  0%| F|  |TAMS 0x000000008eb00000, 0x000000008eb00000| Untracked 
|  68|0x000000008ec00000, 0x000000008ec00000, 0x000000008ed00000|  0%| F|  |TAMS 0x000000008ec00000, 0x000000008ec00000| Untracked 
|  69|0x000000008ed00000, 0x000000008ed00000, 0x000000008ee00000|  0%| F|  |TAMS 0x000000008ed00000, 0x000000008ed00000| Untracked 
|  70|0x000000008ee00000, 0x000000008ee00000, 0x000000008ef00000|  0%| F|  |TAMS 0x000000008ee00000, 0x000000008ee00000| Untracked 
|  71|0x000000008ef00000, 0x000000008ef00000, 0x000000008f000000|  0%| F|  |TAMS 0x000000008ef00000, 0x000000008ef00000| Untracked 
|  72|0x000000008f000000, 0x000000008f000000, 0x000000008f100000|  0%| F|  |TAMS 0x000000008f000000, 0x000000008f000000| Untracked 
|  73|0x000000008f100000, 0x000000008f100000, 0x000000008f200000|  0%| F|  |TAMS 0x000000008f100000, 0x000000008f100000| Untracked 
|  74|0x000000008f200000, 0x000000008f200000, 0x000000008f300000|  0%| F|  |TAMS 0x000000008f200000, 0x000000008f200000| Untracked 
|  75|0x000000008f300000, 0x000000008f300000, 0x000000008f400000|  0%| F|  |TAMS 0x000000008f300000, 0x000000008f300000| Untracked 
|  76|0x000000008f400000, 0x000000008f400000, 0x000000008f500000|  0%| F|  |TAMS 0x000000008f400000, 0x000000008f400000| Untracked 
|  77|0x000000008f500000, 0x000000008f500000, 0x000000008f600000|  0%| F|  |TAMS 0x000000008f500000, 0x000000008f500000| Untracked 
|  78|0x000000008f600000, 0x000000008f600000, 0x000000008f700000|  0%| F|  |TAMS 0x000000008f600000, 0x000000008f600000| Untracked 
|  79|0x000000008f700000, 0x000000008f700000, 0x000000008f800000|  0%| F|  |TAMS 0x000000008f700000, 0x000000008f700000| Untracked 
|  80|0x000000008f800000, 0x000000008f800000, 0x000000008f900000|  0%| F|  |TAMS 0x000000008f800000, 0x000000008f800000| Untracked 
|  81|0x000000008f900000, 0x000000008f900000, 0x000000008fa00000|  0%| F|  |TAMS 0x000000008f900000, 0x000000008f900000| Untracked 
|  82|0x000000008fa00000, 0x000000008fa8b968, 0x000000008fb00000| 54%| S|CS|TAMS 0x000000008fa00000, 0x000000008fa00000| Complete 
|  83|0x000000008fb00000, 0x000000008fc00000, 0x000000008fc00000|100%| S|CS|TAMS 0x000000008fb00000, 0x000000008fb00000| Complete 
|  84|0x000000008fc00000, 0x000000008fc00000, 0x000000008fd00000|  0%| F|  |TAMS 0x000000008fc00000, 0x000000008fc00000| Untracked 
|  85|0x000000008fd00000, 0x000000008fd00000, 0x000000008fe00000|  0%| F|  |TAMS 0x000000008fd00000, 0x000000008fd00000| Untracked 
|  86|0x000000008fe00000, 0x000000008fe00000, 0x000000008ff00000|  0%| F|  |TAMS 0x000000008fe00000, 0x000000008fe00000| Untracked 
|  87|0x000000008ff00000, 0x0000000090000000, 0x0000000090000000|100%| E|  |TAMS 0x000000008ff00000, 0x000000008ff00000| Complete 
|  88|0x0000000090000000, 0x0000000090100000, 0x0000000090100000|100%| E|CS|TAMS 0x0000000090000000, 0x0000000090000000| Complete 
|  89|0x0000000090100000, 0x0000000090200000, 0x0000000090200000|100%| E|CS|TAMS 0x0000000090100000, 0x0000000090100000| Complete 
|  90|0x0000000090200000, 0x0000000090300000, 0x0000000090300000|100%| E|CS|TAMS 0x0000000090200000, 0x0000000090200000| Complete 
|  91|0x0000000090300000, 0x0000000090400000, 0x0000000090400000|100%| E|CS|TAMS 0x0000000090300000, 0x0000000090300000| Complete 
|  92|0x0000000090400000, 0x0000000090500000, 0x0000000090500000|100%| E|CS|TAMS 0x0000000090400000, 0x0000000090400000| Complete 
|  93|0x0000000090500000, 0x0000000090600000, 0x0000000090600000|100%| E|CS|TAMS 0x0000000090500000, 0x0000000090500000| Complete 
|  94|0x0000000090600000, 0x0000000090700000, 0x0000000090700000|100%| E|CS|TAMS 0x0000000090600000, 0x0000000090600000| Complete 
|  95|0x0000000090700000, 0x0000000090800000, 0x0000000090800000|100%| E|  |TAMS 0x0000000090700000, 0x0000000090700000| Complete 
|  96|0x0000000090800000, 0x0000000090900000, 0x0000000090900000|100%| E|CS|TAMS 0x0000000090800000, 0x0000000090800000| Complete 
|  97|0x0000000090900000, 0x0000000090a00000, 0x0000000090a00000|100%| E|CS|TAMS 0x0000000090900000, 0x0000000090900000| Complete 
|  98|0x0000000090a00000, 0x0000000090b00000, 0x0000000090b00000|100%| E|CS|TAMS 0x0000000090a00000, 0x0000000090a00000| Complete 
|  99|0x0000000090b00000, 0x0000000090c00000, 0x0000000090c00000|100%| E|CS|TAMS 0x0000000090b00000, 0x0000000090b00000| Complete 
| 100|0x0000000090c00000, 0x0000000090d00000, 0x0000000090d00000|100%| E|CS|TAMS 0x0000000090c00000, 0x0000000090c00000| Complete 
| 101|0x0000000090d00000, 0x0000000090e00000, 0x0000000090e00000|100%| E|CS|TAMS 0x0000000090d00000, 0x0000000090d00000| Complete 
| 102|0x0000000090e00000, 0x0000000090f00000, 0x0000000090f00000|100%| E|CS|TAMS 0x0000000090e00000, 0x0000000090e00000| Complete 
| 103|0x0000000090f00000, 0x0000000091000000, 0x0000000091000000|100%| E|CS|TAMS 0x0000000090f00000, 0x0000000090f00000| Complete 
| 104|0x0000000091000000, 0x0000000091100000, 0x0000000091100000|100%| E|CS|TAMS 0x0000000091000000, 0x0000000091000000| Complete 
| 105|0x0000000091100000, 0x0000000091200000, 0x0000000091200000|100%| E|CS|TAMS 0x0000000091100000, 0x0000000091100000| Complete 
| 106|0x0000000091200000, 0x0000000091300000, 0x0000000091300000|100%| E|CS|TAMS 0x0000000091200000, 0x0000000091200000| Complete 
| 107|0x0000000091300000, 0x0000000091400000, 0x0000000091400000|100%| E|CS|TAMS 0x0000000091300000, 0x0000000091300000| Complete 
| 108|0x0000000091400000, 0x0000000091500000, 0x0000000091500000|100%| E|CS|TAMS 0x0000000091400000, 0x0000000091400000| Complete 
| 109|0x0000000091500000, 0x0000000091600000, 0x0000000091600000|100%| E|CS|TAMS 0x0000000091500000, 0x0000000091500000| Complete 
| 110|0x0000000091600000, 0x0000000091700000, 0x0000000091700000|100%| E|CS|TAMS 0x0000000091600000, 0x0000000091600000| Complete 
| 111|0x0000000091700000, 0x0000000091800000, 0x0000000091800000|100%| E|CS|TAMS 0x0000000091700000, 0x0000000091700000| Complete 
| 112|0x0000000091800000, 0x0000000091900000, 0x0000000091900000|100%| E|CS|TAMS 0x0000000091800000, 0x0000000091800000| Complete 
| 113|0x0000000091900000, 0x0000000091a00000, 0x0000000091a00000|100%| E|CS|TAMS 0x0000000091900000, 0x0000000091900000| Complete 
| 114|0x0000000091a00000, 0x0000000091b00000, 0x0000000091b00000|100%| E|CS|TAMS 0x0000000091a00000, 0x0000000091a00000| Complete 
| 115|0x0000000091b00000, 0x0000000091c00000, 0x0000000091c00000|100%| E|CS|TAMS 0x0000000091b00000, 0x0000000091b00000| Complete 
| 116|0x0000000091c00000, 0x0000000091d00000, 0x0000000091d00000|100%| E|CS|TAMS 0x0000000091c00000, 0x0000000091c00000| Complete 
| 117|0x0000000091d00000, 0x0000000091e00000, 0x0000000091e00000|100%| E|CS|TAMS 0x0000000091d00000, 0x0000000091d00000| Complete 

Card table byte_map: [0x0000028bc7d20000,0x0000028bc80d0000] _byte_map_base: 0x0000028bc78cc000

Marking Bits (Prev, Next): (CMBitMap*) 0x0000028baebea410, (CMBitMap*) 0x0000028baebea450
 Prev Bits: [0x0000028bc8480000, 0x0000028bca1e0000)
 Next Bits: [0x0000028bca1e0000, 0x0000028bcbf40000)

Polling page: 0x0000028baec50000

Metaspace:

Usage:
  Non-class:     16.87 MB used.
      Class:      1.90 MB used.
       Both:     18.77 MB used.

Virtual space:
  Non-class space:       64.00 MB reserved,      17.00 MB ( 27%) committed,  1 nodes.
      Class space:        1.00 GB reserved,       2.00 MB ( <1%) committed,  1 nodes.
             Both:        1.06 GB reserved,      19.00 MB (  2%) committed. 

Chunk freelists:
   Non-Class:  2.72 MB
       Class:  1.91 MB
        Both:  4.62 MB

MaxMetaspaceSize: unlimited
CompressedClassSpaceSize: 1.00 GB
Initial GC threshold: 21.00 MB
Current GC threshold: 21.00 MB
CDS: on
MetaspaceReclaimPolicy: balanced
 - commit_granule_bytes: 65536.
 - commit_granule_words: 8192.
 - virtual_space_node_default_size: 8388608.
 - enlarge_chunks_in_place: 1.
 - new_chunks_are_fully_committed: 0.
 - uncommit_free_chunks: 1.
 - use_allocation_guard: 0.


Internal statistics:

num_allocs_failed_limit: 0.
num_arena_births: 156.
num_arena_deaths: 0.
num_vsnodes_births: 2.
num_vsnodes_deaths: 0.
num_space_committed: 304.
num_space_uncommitted: 0.
num_chunks_returned_to_freelist: 0.
num_chunks_taken_from_freelist: 599.
num_chunk_merges: 0.
num_chunk_splits: 497.
num_chunks_enlarged: 437.
num_inconsistent_stats: 0.

CodeHeap 'non-profiled nmethods': size=120000Kb used=678Kb max_used=678Kb free=119321Kb
 bounds [0x0000028bbf7b0000, 0x0000028bbfa20000, 0x0000028bc6ce0000]
CodeHeap 'profiled nmethods': size=120000Kb used=3023Kb max_used=3023Kb free=116977Kb
 bounds [0x0000028bb8280000, 0x0000028bb8580000, 0x0000028bbf7b0000]
CodeHeap 'non-nmethods': size=5760Kb used=1701Kb max_used=1715Kb free=4058Kb
 bounds [0x0000028bb7ce0000, 0x0000028bb7f50000, 0x0000028bb8280000]
 total_blobs=2794 nmethods=1758 adapters=949
 compilation: enabled
              stopped_count=0, restarted_count=0
 full_count=0

Compilation events (20 events):
Event: 10.027 Thread 0x0000028bcebe15c0 1749       1       androidx.compose.runtime.snapshots.SnapshotStateObserver$ObservedScopeMap::access$getScopeToValues$p (5 bytes)
Event: 10.028 Thread 0x0000028bcebe15c0 nmethod 1749 0x0000028bbf858390 code [0x0000028bbf858520, 0x0000028bbf8585d8]
Event: 10.028 Thread 0x0000028bcebe15c0 1750       1       androidx.compose.runtime.snapshots.SnapshotStateObserver$ObservedScopeMap::getDerivedStateEnterObserver (5 bytes)
Event: 10.028 Thread 0x0000028bcebe15c0 nmethod 1750 0x0000028bbf858690 code [0x0000028bbf858820, 0x0000028bbf8588f8]
Event: 10.028 Thread 0x0000028bcebe15c0 1751       1       androidx.compose.runtime.snapshots.SnapshotStateObserver$ObservedScopeMap::getDerivedStateExitObserver (5 bytes)
Event: 10.028 Thread 0x0000028bcebe15c0 nmethod 1751 0x0000028bbf858990 code [0x0000028bbf858b20, 0x0000028bbf858bf8]
Event: 10.028 Thread 0x0000028bcebe15c0 1752       1       androidx.compose.runtime.snapshots.SnapshotStateObserver::access$getReadObserver$p (5 bytes)
Event: 10.028 Thread 0x0000028bcebe15c0 nmethod 1752 0x0000028bbf858c90 code [0x0000028bbf858e20, 0x0000028bbf858ed8]
Event: 10.028 Thread 0x0000028bcebe15c0 1753       1       org.jetbrains.skia.Matrix33::getMat (5 bytes)
Event: 10.028 Thread 0x0000028bcebe15c0 nmethod 1753 0x0000028bbf858f90 code [0x0000028bbf859120, 0x0000028bbf8591f8]
Event: 10.028 Thread 0x0000028bcebe15c0 1754       3       androidx.compose.ui.node.LayoutNodeKt::requireOwner (37 bytes)
Event: 10.028 Thread 0x0000028bcebd7950 1756       4       java.lang.Float::floatToIntBits (15 bytes)
Event: 10.028 Thread 0x0000028bcebe15c0 nmethod 1754 0x0000028bb8572790 code [0x0000028bb85729c0, 0x0000028bb85730e8]
Event: 10.028 Thread 0x0000028bcebe15c0 1755       3       androidx.compose.ui.node.NodeCoordinator::access$headNode (6 bytes)
Event: 10.029 Thread 0x0000028bcebe15c0 nmethod 1755 0x0000028bb8573410 code [0x0000028bb85735a0, 0x0000028bb85736e8]
Event: 10.029 Thread 0x0000028bcebe15c0 1757       1       java.util.Collections$SingletonList::size (2 bytes)
Event: 10.029 Thread 0x0000028bcebe15c0 nmethod 1757 0x0000028bbf859290 code [0x0000028bbf859420, 0x0000028bbf8594f8]
Event: 10.029 Thread 0x0000028bcebe15c0 1758       3       java.util.Objects::hashCode (13 bytes)
Event: 10.029 Thread 0x0000028bcebe15c0 nmethod 1758 0x0000028bb8573790 code [0x0000028bb8573940, 0x0000028bb8573b68]
Event: 10.030 Thread 0x0000028bcebd7950 nmethod 1756 0x0000028bbf859590 code [0x0000028bbf859700, 0x0000028bbf859778]

GC Heap History (4 events):
Event: 1.265 GC heap before
{Heap before GC invocations=0 (full 0):
 garbage-first heap   total 120832K, used 22528K [0x000000008a800000, 0x0000000100000000)
  region size 1024K, 23 young (23552K), 0 survivors (0K)
 Metaspace       used 5611K, committed 5760K, reserved 1114112K
  class space    used 509K, committed 576K, reserved 1048576K
}
Event: 1.271 GC heap after
{Heap after GC invocations=1 (full 0):
 garbage-first heap   total 120832K, used 3636K [0x000000008a800000, 0x0000000100000000)
  region size 1024K, 3 young (3072K), 3 survivors (3072K)
 Metaspace       used 5611K, committed 5760K, reserved 1114112K
  class space    used 509K, committed 576K, reserved 1048576K
}
Event: 2.441 GC heap before
{Heap before GC invocations=1 (full 0):
 garbage-first heap   total 120832K, used 37428K [0x000000008a800000, 0x0000000100000000)
  region size 1024K, 34 young (34816K), 3 survivors (3072K)
 Metaspace       used 13886K, committed 14080K, reserved 1114112K
  class space    used 1397K, committed 1472K, reserved 1048576K
}
Event: 2.446 GC heap after
{Heap after GC invocations=2 (full 0):
 garbage-first heap   total 120832K, used 5181K [0x000000008a800000, 0x0000000100000000)
  region size 1024K, 2 young (2048K), 2 survivors (2048K)
 Metaspace       used 13886K, committed 14080K, reserved 1114112K
  class space    used 1397K, committed 1472K, reserved 1048576K
}

Deoptimization events (20 events):
Event: 2.524 Thread 0x0000028bd354edd0 Uncommon trap: trap_request=0xffffffde fr.pc=0x0000028bbf807274 relative=0x0000000000000c54
Event: 2.524 Thread 0x0000028bd354edd0 Uncommon trap: reason=class_check action=maybe_recompile pc=0x0000028bbf807274 method=java.util.HashMap.putVal(ILjava/lang/Object;Ljava/lang/Object;ZZ)Ljava/lang/Object; @ 91 c2
Event: 2.524 Thread 0x0000028bd354edd0 DEOPT PACKING pc=0x0000028bbf807274 sp=0x000000925b3fb210
Event: 2.524 Thread 0x0000028bd354edd0 DEOPT UNPACKING pc=0x0000028bb7d323a3 sp=0x000000925b3fb1f0 mode 2
Event: 2.524 Thread 0x0000028bd354edd0 Uncommon trap: trap_request=0xffffffde fr.pc=0x0000028bbf807274 relative=0x0000000000000c54
Event: 2.524 Thread 0x0000028bd354edd0 Uncommon trap: reason=class_check action=maybe_recompile pc=0x0000028bbf807274 method=java.util.HashMap.putVal(ILjava/lang/Object;Ljava/lang/Object;ZZ)Ljava/lang/Object; @ 91 c2
Event: 2.524 Thread 0x0000028bd354edd0 DEOPT PACKING pc=0x0000028bbf807274 sp=0x000000925b3fb210
Event: 2.524 Thread 0x0000028bd354edd0 DEOPT UNPACKING pc=0x0000028bb7d323a3 sp=0x000000925b3fb1f0 mode 2
Event: 2.533 Thread 0x0000028bd354edd0 Uncommon trap: trap_request=0xffffff45 fr.pc=0x0000028bbf807cc8 relative=0x0000000000000048
Event: 2.533 Thread 0x0000028bd354edd0 Uncommon trap: reason=unstable_if action=reinterpret pc=0x0000028bbf807cc8 method=java.lang.CharacterData.of(I)Ljava/lang/CharacterData; @ 4 c2
Event: 2.533 Thread 0x0000028bd354edd0 DEOPT PACKING pc=0x0000028bbf807cc8 sp=0x000000925b3fa3c0
Event: 2.533 Thread 0x0000028bd354edd0 DEOPT UNPACKING pc=0x0000028bb7d323a3 sp=0x000000925b3fa360 mode 2
Event: 2.693 Thread 0x0000028bd354edd0 DEOPT PACKING pc=0x0000028bb8364741 sp=0x000000925b3f7e20
Event: 2.693 Thread 0x0000028bd354edd0 DEOPT UNPACKING pc=0x0000028bb7d32b43 sp=0x000000925b3f7278 mode 1
Event: 2.693 Thread 0x0000028bd354edd0 DEOPT PACKING pc=0x0000028bb8362a5c sp=0x000000925b3f7eb0
Event: 2.693 Thread 0x0000028bd354edd0 DEOPT UNPACKING pc=0x0000028bb7d32b43 sp=0x000000925b3f7368 mode 1
Event: 3.802 Thread 0x0000028bd354edd0 Uncommon trap: trap_request=0xffffff45 fr.pc=0x0000028bbf845854 relative=0x0000000000000794
Event: 3.802 Thread 0x0000028bd354edd0 Uncommon trap: reason=unstable_if action=reinterpret pc=0x0000028bbf845854 method=java.lang.Integer.stringSize(I)I @ 19 c2
Event: 3.802 Thread 0x0000028bd354edd0 DEOPT PACKING pc=0x0000028bbf845854 sp=0x000000925b3f98e0
Event: 3.802 Thread 0x0000028bd354edd0 DEOPT UNPACKING pc=0x0000028bb7d323a3 sp=0x000000925b3f9838 mode 2

Classes loaded (20 events):
Event: 10.015 Loading class androidx/compose/runtime/snapshots/StateMapMutableIterator
Event: 10.015 Loading class androidx/compose/runtime/snapshots/StateMapMutableIterator done
Event: 10.019 Loading class androidx/compose/ui/text/TextPainter
Event: 10.019 Loading class androidx/compose/ui/text/TextPainter done
Event: 10.029 Loading class org/jetbrains/skiko/PictureHolder
Event: 10.029 Loading class org/jetbrains/skiko/PictureHolder done
Event: 10.030 Loading class org/jetbrains/skia/DirectContext
Event: 10.030 Loading class org/jetbrains/skia/DirectContext done
Event: 10.031 Loading class org/jetbrains/skia/DirectContext$Companion
Event: 10.031 Loading class org/jetbrains/skia/DirectContext$Companion done
Event: 10.043 Loading class jdk/internal/misc/Signal$1
Event: 10.043 Loading class jdk/internal/misc/Signal$1 done
Event: 10.083 Loading class org/jetbrains/skia/SurfaceProps
Event: 10.083 Loading class org/jetbrains/skia/SurfaceProps done
Event: 10.085 Loading class org/jetbrains/skia/DirectContextKt
Event: 10.085 Loading class org/jetbrains/skia/DirectContextKt done
Event: 10.102 Loading class org/jetbrains/skiko/RenderExceptionsHandler
Event: 10.102 Loading class org/jetbrains/skiko/RenderExceptionsHandler done
Event: 10.102 Loading class org/jetbrains/skiko/RenderExceptionsHandler$Companion
Event: 10.102 Loading class org/jetbrains/skiko/RenderExceptionsHandler$Companion done

Classes unloaded (0 events):
No events

Classes redefined (0 events):
No events

Internal exceptions (20 events):
Event: 0.983 Thread 0x0000028baeb8bdd0 Exception <a 'java/lang/NoSuchMethodError'{0x0000000090f7bfe8}: 'java.lang.Object java.lang.invoke.DirectMethodHandle$Holder.invokeStaticInit(java.lang.Object)'> (0x0000000090f7bfe8) 
thrown [s\open\src\hotspot\share\interpreter\linkResolver.cpp, line 759]
Event: 1.124 Thread 0x0000028bd354edd0 Exception <a 'java/lang/NoSuchMethodError'{0x0000000090dde168}: 'int java.lang.invoke.DirectMethodHandle$Holder.invokeSpecial(java.lang.Object, java.lang.Object, java.lang.Object)'> (0x0000000090dde168) 
thrown [s\open\src\hotspot\share\interpreter\linkResolver.cpp, line 759]
Event: 1.126 Thread 0x0000028bd354edd0 Exception <a 'java/lang/NoSuchMethodError'{0x0000000090de9050}: 'void java.lang.invoke.DelegatingMethodHandle$Holder.reinvoke_L(java.lang.Object, java.lang.Object, int)'> (0x0000000090de9050) 
thrown [s\open\src\hotspot\share\interpreter\linkResolver.cpp, line 759]
Event: 1.127 Thread 0x0000028bd354edd0 Exception <a 'java/lang/NoSuchMethodError'{0x0000000090deff48}: 'int java.lang.invoke.Invokers$Holder.invokeExact_MT(java.lang.Object, java.lang.Object, java.lang.Object)'> (0x0000000090deff48) 
thrown [s\open\src\hotspot\share\interpreter\linkResolver.cpp, line 759]
Event: 1.587 Thread 0x0000028bd354edd0 Exception <a 'java/lang/NoSuchMethodError'{0x00000000915d7e80}: 'void java.lang.invoke.DirectMethodHandle$Holder.invokeSpecial(java.lang.Object, java.lang.Object, java.lang.Object)'> (0x00000000915d7e80) 
thrown [s\open\src\hotspot\share\interpreter\linkResolver.cpp, line 759]
Event: 1.611 Thread 0x0000028bd354edd0 Exception <a 'java/lang/NoSuchMethodError'{0x0000000091450238}: 'java.lang.Object java.lang.invoke.DirectMethodHandle$Holder.newInvokeSpecial(java.lang.Object, java.lang.Object, java.lang.Object, java.lang.Object, java.lang.Object)'> (0x0000000091450238) 
thrown [s\open\src\hotspot\share\interpreter\linkResolver.cpp, line 759]
Event: 1.622 Thread 0x0000028bd354edd0 Exception <a 'java/lang/NoSuchMethodError'{0x00000000914831e8}: 'java.lang.Object java.lang.invoke.DirectMethodHandle$Holder.invokeStatic(java.lang.Object, int, java.lang.Object)'> (0x00000000914831e8) 
thrown [s\open\src\hotspot\share\interpreter\linkResolver.cpp, line 759]
Event: 1.669 Thread 0x0000028bd354edd0 Exception <a 'java/lang/ClassNotFoundException'{0x00000000913633b8}: com/sun/swing/internal/plaf/metal/resources/spi/metalProvider> (0x00000000913633b8) 
thrown [s\open\src\hotspot\share\classfile\systemDictionary.cpp, line 255]
Event: 1.672 Thread 0x0000028bd354edd0 Exception <a 'java/lang/ClassNotFoundException'{0x000000009136cb48}: com/sun/swing/internal/plaf/basic/resources/spi/basicProvider> (0x000000009136cb48) 
thrown [s\open\src\hotspot\share\classfile\systemDictionary.cpp, line 255]
Event: 1.688 Thread 0x0000028bd354edd0 Implicit null exception at 0x0000028bbf7ca6d8 to 0x0000028bbf7ca76e
Event: 1.693 Thread 0x0000028bd354edd0 Exception <a 'java/lang/NoSuchMethodError'{0x00000000913c1840}: 'int java.lang.invoke.Invokers$Holder.invokeExact_MT(java.lang.Object, java.lang.Object)'> (0x00000000913c1840) 
thrown [s\open\src\hotspot\share\interpreter\linkResolver.cpp, line 759]
Event: 1.695 Thread 0x0000028bd354edd0 Implicit null exception at 0x0000028bbf803612 to 0x0000028bbf803920
Event: 1.695 Thread 0x0000028bd354edd0 Implicit null exception at 0x0000028bbf7d1592 to 0x0000028bbf7d18a4
Event: 1.920 Thread 0x0000028bd3576480 Exception <a 'java/lang/NoSuchMethodError'{0x0000000090a58340}: 'void java.lang.invoke.DirectMethodHandle$Holder.invokeVirtual(java.lang.Object, java.lang.Object)'> (0x0000000090a58340) 
thrown [s\open\src\hotspot\share\interpreter\linkResolver.cpp, line 759]
Event: 1.952 Thread 0x0000028bd354edd0 Exception <a 'java/lang/NoSuchMethodError'{0x0000000090ae8560}: 'void java.lang.invoke.DirectMethodHandle$Holder.invokeStaticInit(java.lang.Object)'> (0x0000000090ae8560) 
thrown [s\open\src\hotspot\share\interpreter\linkResolver.cpp, line 759]
Event: 2.300 Thread 0x0000028bd354edd0 Exception <a 'java/lang/NoSuchMethodError'{0x00000000902e0310}: 'int java.lang.invoke.DirectMethodHandle$Holder.invokeStaticInit(java.lang.Object, java.lang.Object, java.lang.Object)'> (0x00000000902e0310) 
thrown [s\open\src\hotspot\share\interpreter\linkResolver.cpp, line 759]
Event: 2.332 Thread 0x0000028bd354edd0 Exception <a 'java/lang/NoSuchMethodError'{0x0000000090061618}: 'double java.lang.invoke.DirectMethodHandle$Holder.invokeStatic(java.lang.Object, double)'> (0x0000000090061618) 
thrown [s\open\src\hotspot\share\interpreter\linkResolver.cpp, line 759]
Event: 2.332 Thread 0x0000028bd354edd0 Exception <a 'java/lang/NoSuchMethodError'{0x0000000090065070}: 'double java.lang.invoke.DirectMethodHandle$Holder.invokeStaticInit(java.lang.Object, double)'> (0x0000000090065070) 
thrown [s\open\src\hotspot\share\interpreter\linkResolver.cpp, line 759]
Event: 2.341 Thread 0x0000028bd354edd0 Exception <a 'java/lang/NoSuchMethodError'{0x00000000900af0e8}: 'java.lang.Object java.lang.invoke.DirectMethodHandle$Holder.newInvokeSpecial(java.lang.Object, double)'> (0x00000000900af0e8) 
thrown [s\open\src\hotspot\share\interpreter\linkResolver.cpp, line 759]
Event: 10.103 Thread 0x0000028bd354edd0 Exception <a 'java/lang/NoSuchMethodError'{0x000000008ffc0680}: static Lorg/jetbrains/skiko/RenderExceptionsHandler;.throwException(Ljava/lang/String;)V> (0x000000008ffc0680) 
thrown [s\open\src\hotspot\share\prims\jni.cpp, line 1104]

VM Operations (20 events):
Event: 5.287 Executing VM operation: get/set locals
Event: 5.287 Executing VM operation: get/set locals done
Event: 5.288 Executing VM operation: get/set locals
Event: 5.288 Executing VM operation: get/set locals done
Event: 5.289 Executing VM operation: get/set locals
Event: 5.290 Executing VM operation: get/set locals done
Event: 5.291 Executing VM operation: get/set locals
Event: 5.291 Executing VM operation: get/set locals done
Event: 5.298 Executing VM operation: get/set locals
Event: 5.298 Executing VM operation: get/set locals done
Event: 5.317 Executing VM operation: get/set locals
Event: 5.317 Executing VM operation: get/set locals done
Event: 9.959 Executing VM operation: ChangeBreakpoints
Event: 9.959 Executing VM operation: ChangeBreakpoints done
Event: 9.959 Executing VM operation: ChangeBreakpoints
Event: 9.961 Executing VM operation: ChangeBreakpoints done
Event: 9.961 Executing VM operation: ChangeBreakpoints
Event: 9.961 Executing VM operation: ChangeBreakpoints done
Event: 9.961 Executing VM operation: ChangeBreakpoints
Event: 9.961 Executing VM operation: ChangeBreakpoints done

Events (20 events):
Event: 1.071 Thread 0x0000028bd354edd0 Thread added: 0x0000028bd354edd0
Event: 1.738 Loaded shared library C:\Users\Lev Grekov\.skiko\0de0d8dd8554d9bb66cfca3837db6514ff9b71080e998917280a3b777460a416\skiko-windows-x64.dll
Event: 1.751 Thread 0x0000028bd4477050 Thread added: 0x0000028bd4477050
Event: 1.751 Thread 0x0000028bd4477510 Thread added: 0x0000028bd4477510
Event: 1.752 Thread 0x0000028bd44819d0 Thread added: 0x0000028bd44819d0
Event: 1.757 Thread 0x0000028bd44897a0 Thread added: 0x0000028bd44897a0
Event: 1.761 Thread 0x0000028bd44875f0 Thread added: 0x0000028bd44875f0
Event: 1.960 Loaded shared library D:\Java\jdk-18.0.2.1\bin\freetype.dll
Event: 1.961 Loaded shared library D:\Java\jdk-18.0.2.1\bin\fontmanager.dll
Event: 2.875 Thread 0x0000028bd35a55d0 Thread added: 0x0000028bd35a55d0
Event: 2.947 Thread 0x0000028bd448a140 Thread added: 0x0000028bd448a140
Event: 3.093 Thread 0x0000028bd35a55d0 Thread exited: 0x0000028bd35a55d0
Event: 9.959 Thread 0x0000028bd30fd630 Thread exited: 0x0000028bd30fd630
Event: 9.966 Thread 0x0000028bd30fc0d0 Thread exited: 0x0000028bd30fc0d0
Event: 10.044 Thread 0x0000028bd44892d0 Thread added: 0x0000028bd44892d0
Event: 10.045 Thread 0x0000028bd4487f90 Thread added: 0x0000028bd4487f90
Event: 10.045 Thread 0x0000028bd448afb0 Thread added: 0x0000028bd448afb0
Event: 10.045 Thread 0x0000028bd448afb0 Thread exited: 0x0000028bd448afb0
Event: 10.046 Thread 0x0000028bd448a140 Thread exited: 0x0000028bd448a140
Event: 10.086 Thread 0x0000028bd3576480 Thread exited: 0x0000028bd3576480


Dynamic libraries:
0x00007ff621910000 - 0x00007ff621920000 	D:\Java\jdk-18.0.2.1\bin\java.exe
0x00007ffc18db0000 - 0x00007ffc18fa8000 	C:\WINDOWS\SYSTEM32\ntdll.dll
0x00007ffc180d0000 - 0x00007ffc1818f000 	C:\WINDOWS\System32\KERNEL32.DLL
0x00007ffc168c0000 - 0x00007ffc16bb6000 	C:\WINDOWS\System32\KERNELBASE.dll
0x00007ffc16bc0000 - 0x00007ffc16cc0000 	C:\WINDOWS\System32\ucrtbase.dll
0x00007ffc0f100000 - 0x00007ffc0f118000 	D:\Java\jdk-18.0.2.1\bin\jli.dll
0x00007ffc0f0e0000 - 0x00007ffc0f0fa000 	D:\Java\jdk-18.0.2.1\bin\VCRUNTIME140.dll
0x00007ffc17700000 - 0x00007ffc177af000 	C:\WINDOWS\System32\ADVAPI32.dll
0x00007ffc17280000 - 0x00007ffc1731e000 	C:\WINDOWS\System32\msvcrt.dll
0x00007ffc177b0000 - 0x00007ffc1784c000 	C:\WINDOWS\System32\sechost.dll
0x00007ffc175d0000 - 0x00007ffc176f6000 	C:\WINDOWS\System32\RPCRT4.dll
0x00007ffc17320000 - 0x00007ffc174bd000 	C:\WINDOWS\System32\USER32.dll
0x00007ffc04150000 - 0x00007ffc043ea000 	C:\WINDOWS\WinSxS\amd64_microsoft.windows.common-controls_6595b64144ccf1df_6.0.19041.1110_none_60b5254171f9507e\COMCTL32.dll
0x00007ffc16490000 - 0x00007ffc164b2000 	C:\WINDOWS\System32\win32u.dll
0x00007ffc17d30000 - 0x00007ffc17d5c000 	C:\WINDOWS\System32\GDI32.dll
0x00007ffc164c0000 - 0x00007ffc165d5000 	C:\WINDOWS\System32\gdi32full.dll
0x00007ffc166c0000 - 0x00007ffc1675d000 	C:\WINDOWS\System32\msvcp_win.dll
0x00007ffc0cb20000 - 0x00007ffc0cb2a000 	C:\WINDOWS\SYSTEM32\VERSION.dll
0x00007ffc183e0000 - 0x00007ffc18410000 	C:\WINDOWS\System32\IMM32.DLL
0x00007ffc0f2b0000 - 0x00007ffc0f2bc000 	D:\Java\jdk-18.0.2.1\bin\vcruntime140_1.dll
0x00007ffbd7930000 - 0x00007ffbd79bd000 	D:\Java\jdk-18.0.2.1\bin\msvcp140.dll
0x00007ffbc5140000 - 0x00007ffbc5d51000 	D:\Java\jdk-18.0.2.1\bin\server\jvm.dll
0x00007ffc18410000 - 0x00007ffc18418000 	C:\WINDOWS\System32\PSAPI.DLL
0x00007ffc12520000 - 0x00007ffc12529000 	C:\WINDOWS\SYSTEM32\WSOCK32.dll
0x00007ffc0ca50000 - 0x00007ffc0ca77000 	C:\WINDOWS\SYSTEM32\WINMM.dll
0x00007ffc17f20000 - 0x00007ffc17f8b000 	C:\WINDOWS\System32\WS2_32.dll
0x00007ffc147e0000 - 0x00007ffc147f2000 	C:\WINDOWS\SYSTEM32\kernel.appcore.dll
0x00007ffc0f0d0000 - 0x00007ffc0f0da000 	D:\Java\jdk-18.0.2.1\bin\jimage.dll
0x00007ffc13c90000 - 0x00007ffc13e74000 	C:\WINDOWS\SYSTEM32\DBGHELP.DLL
0x00007ffbfc200000 - 0x00007ffbfc234000 	C:\WINDOWS\SYSTEM32\dbgcore.DLL
0x00007ffc165e0000 - 0x00007ffc16662000 	C:\WINDOWS\System32\bcryptPrimitives.dll
0x00007ffc07870000 - 0x00007ffc078ab000 	D:\Java\jdk-18.0.2.1\bin\jdwp.dll
0x00007ffc11090000 - 0x00007ffc1109e000 	D:\Java\jdk-18.0.2.1\bin\instrument.dll
0x00007ffc0ee80000 - 0x00007ffc0eea5000 	D:\Java\jdk-18.0.2.1\bin\java.dll
0x00007ffc0ee60000 - 0x00007ffc0ee78000 	D:\Java\jdk-18.0.2.1\bin\zip.dll
0x00007ffbd77d0000 - 0x00007ffbd78a6000 	D:\Java\jdk-18.0.2.1\bin\jsvml.dll
0x00007ffc185b0000 - 0x00007ffc18cf4000 	C:\WINDOWS\System32\SHELL32.dll
0x00007ffc14030000 - 0x00007ffc147c3000 	C:\WINDOWS\SYSTEM32\windows.storage.dll
0x00007ffc178b0000 - 0x00007ffc17c04000 	C:\WINDOWS\System32\combase.dll
0x00007ffc15eb0000 - 0x00007ffc15ede000 	C:\WINDOWS\SYSTEM32\Wldp.dll
0x00007ffc18500000 - 0x00007ffc185ad000 	C:\WINDOWS\System32\SHCORE.dll
0x00007ffc17850000 - 0x00007ffc178a5000 	C:\WINDOWS\System32\shlwapi.dll
0x00007ffc163d0000 - 0x00007ffc163ef000 	C:\WINDOWS\SYSTEM32\profapi.dll
0x00007ffc07a60000 - 0x00007ffc07a6c000 	D:\Java\jdk-18.0.2.1\bin\dt_socket.dll
0x00007ffc15860000 - 0x00007ffc1589c000 	C:\WINDOWS\SYSTEM32\IPHLPAPI.DLL
0x00007ffc15b70000 - 0x00007ffc15bda000 	C:\WINDOWS\system32\mswsock.dll
0x00007ffc0f0b0000 - 0x00007ffc0f0c3000 	D:\Java\jdk-18.0.2.1\bin\net.dll
0x00007ffc10430000 - 0x00007ffc1053a000 	C:\WINDOWS\SYSTEM32\WINHTTP.dll
0x00007ffc0ef30000 - 0x00007ffc0ef46000 	D:\Java\jdk-18.0.2.1\bin\nio.dll
0x00007ffbd36a0000 - 0x00007ffbd382f000 	D:\Java\jdk-18.0.2.1\bin\awt.dll
0x00007ffc17d60000 - 0x00007ffc17e2d000 	C:\WINDOWS\System32\OLEAUT32.dll
0x00007ffc12eb0000 - 0x00007ffc12f41000 	C:\WINDOWS\SYSTEM32\apphelp.dll
0x00007ffc13020000 - 0x00007ffc130be000 	C:\WINDOWS\system32\uxtheme.dll
0x00007ffbd4f50000 - 0x00007ffbd5089000 	C:\ProgramData\A-Volute\A-Volute.Nahimic\Modules\Scheduled\x64\AudioDevProps2.dll
0x00007ffc17f90000 - 0x00007ffc180ba000 	C:\WINDOWS\System32\ole32.dll
0x00007ffc17c10000 - 0x00007ffc17d24000 	C:\WINDOWS\System32\MSCTF.dll
0x00007ffc13770000 - 0x00007ffc1379f000 	C:\WINDOWS\system32\DWMAPI.DLL
0x00007ffbd8590000 - 0x00007ffbd86b5000 	C:\WINDOWS\system32\opengl32.dll
0x00007ffc06360000 - 0x00007ffc0638c000 	C:\WINDOWS\SYSTEM32\GLU32.dll
0x00007ffc16de0000 - 0x00007ffc16e07000 	C:\WINDOWS\System32\bcrypt.dll
0x00007ffc0b4c0000 - 0x00007ffc0b4ef000 	C:\WINDOWS\SYSTEM32\amdihk64.dll
0x00007ffc0ce60000 - 0x00007ffc0ce9b000 	C:\WINDOWS\SYSTEM32\dxcore.dll
0x00007ffc16670000 - 0x00007ffc166be000 	C:\WINDOWS\System32\cfgmgr32.dll
0x00007ffbc3a30000 - 0x00007ffbc4a7c000 	C:\Users\Lev Grekov\.skiko\0de0d8dd8554d9bb66cfca3837db6514ff9b71080e998917280a3b777460a416\skiko-windows-x64.dll
0x00007ffbd8940000 - 0x00007ffbd89c6000 	D:\Java\jdk-18.0.2.1\bin\freetype.dll
0x00007ffbd79c0000 - 0x00007ffbd7a68000 	D:\Java\jdk-18.0.2.1\bin\fontmanager.dll
0x00007ffc07a50000 - 0x00007ffc07a57000 	D:\Java\jdk-18.0.2.1\bin\jawt.dll
0x00007ffc14850000 - 0x00007ffc14943000 	C:\WINDOWS\SYSTEM32\Dxgi.dll
0x00007ffc07850000 - 0x00007ffc07870000 	C:\WINDOWS\SYSTEM32\D3D12.dll
0x00007ffbd2e60000 - 0x00007ffbd302d000 	C:\WINDOWS\SYSTEM32\D3D12Core.dll
0x00007ffbba180000 - 0x00007ffbbc97e000 	C:\WINDOWS\System32\DriverStore\FileRepository\u0366790.inf_amd64_d775d276ecdcc11d\B366405\amdxc64.dll
0x00007ffc08b90000 - 0x00007ffc08bbb000 	C:\WINDOWS\SYSTEM32\D3DSCache.dll
0x00007ffc16350000 - 0x00007ffc1637e000 	C:\WINDOWS\SYSTEM32\USERENV.dll
0x00007ffc0f8d0000 - 0x00007ffc0fad7000 	C:\WINDOWS\SYSTEM32\twinapi.appcore.dll
0x00007ffc07380000 - 0x00007ffc075ff000 	C:\WINDOWS\SYSTEM32\dwrite.dll

dbghelp: loaded successfully - version: 4.0.5 - missing functions: none
symbol engine: initialized successfully - sym options: 0x614 - pdb path: .;D:\Java\jdk-18.0.2.1\bin;C:\WINDOWS\SYSTEM32;C:\WINDOWS\WinSxS\amd64_microsoft.windows.common-controls_6595b64144ccf1df_6.0.19041.1110_none_60b5254171f9507e;D:\Java\jdk-18.0.2.1\bin\server;C:\ProgramData\A-Volute\A-Volute.Nahimic\Modules\Scheduled\x64;C:\WINDOWS\System32\DriverStore\FileRepository\u0366790.inf_amd64_d775d276ecdcc11d\B366405;C:\Users\Lev Grekov\.skiko\0de0d8dd8554d9bb66cfca3837db6514ff9b71080e998917280a3b777460a416

VM Arguments:
jvm_args: -agentlib:jdwp=transport=dt_socket,address=127.0.0.1:59712,suspend=y,server=n -javaagent:C:/Users/Lev Grekov/.gradle/caches/modules-2/files-2.1/org.jetbrains.kotlinx/kotlinx-coroutines-core-jvm/1.6.4/2c997cd1c0ef33f3e751d3831929aeff1390cb30/kotlinx-coroutines-core-jvm-1.6.4.jar -javaagent:C:\Users\LEVGRE~1\AppData\Local\Temp\captureAgent8jars\debugger-agent.jar=file:/C:/Users/LEVGRE~1/AppData/Local/Temp/capture.props -Dfile.encoding=UTF-8 -Dsun.stdout.encoding=UTF-8 -Dsun.stderr.encoding=UTF-8 
java_command: MainKt
java_class_path (initial): D:\KotlinProjects\SplineInterpolation\build\classes\kotlin\main;C:\Users\Lev Grekov\.gradle\caches\modules-2\files-2.1\org.jetbrains.kotlin\kotlin-stdlib-jdk8\1.8.20\73576ddf378c5b4f1f6b449fe6b119b8183fc078\kotlin-stdlib-jdk8-1.8.20.jar;C:\Users\Lev Grekov\.gradle\caches\modules-2\files-2.1\org.jetbrains.kotlin\kotlin-stdlib-jdk7\1.8.20\3aa51faf20aae8b31e1a4bc54f8370673d7b7df4\kotlin-stdlib-jdk7-1.8.20.jar;C:\Users\Lev Grekov\.gradle\caches\modules-2\files-2.1\org.jetbrains.kotlin\kotlin-stdlib\1.8.20\e72fc5e03ec6c064c678a6bd0d955c88d55b0c4a\kotlin-stdlib-1.8.20.jar;C:\Users\Lev Grekov\.gradle\caches\modules-2\files-2.1\org.jetbrains.compose.desktop\desktop-jvm\1.4.1\922ebea5ab9e202ee66ab4f4f567a74184eddbc1\desktop-jvm-1.4.1.jar;C:\Users\Lev Grekov\.gradle\caches\modules-2\files-2.1\org.jetbrains.kotlin\kotlin-stdlib-common\1.8.20\5eddaaf234c8c49d03eebeb6a14feb7f90faca71\kotlin-stdlib-common-1.8.20.jar;C:\Users\Lev Grekov\.gradle\caches\modules-2\files-2.1\org.jetbrains\annotations\13.0\919f0dfe192fb4e063e7dacadee7f8bb9a2672a9\annotations-13.0.jar;C:\Users\Lev Grekov\.gradle\caches\modules-2\files-2.1\org.jetbrains.compose.material\material-desktop\1.4.1\f478f814ee2fb95aba5a206e48c33b912cc66ff1\material-desktop-1.4.1.jar;C:\Users\Lev Grekov\.gradle\caches\modules-2\files-2.1\org.jetbrains.compose.foundation\foundation-desktop\1.4.1\3af50bcd26973491ed32b251d234fae55c0b3c97\foundation-desktop-1.4.1.jar;C:\Users\Lev Grekov\.gradle\caches\modules-2\files-2.1\org.jetbrains.compose.ui\ui-desktop\1.4.1\5005c7404c035c267cac2ec8b9dd08ca65766a04\ui-desktop-1.4.1.jar;C:\Users\Lev Grekov\.gradle\caches\modules-2\files-2.1\org.jetbrains.compose.ui\ui-tooling-preview-desktop\1.4.1\16e8e3a0dd0d52b5e4877a54bc345668ba23428d\ui-tooling-preview-desktop-1.4.1.jar;C:\Users\Lev Grekov\.gradle\caches\modules-2\files-2.1\org.jetbrains.compose.runtime\runtime-desktop\1.4.1\b268d41542ceb3c8d5d101222c14330874c5d8e6\runtime-desktop-1.4.1.jar;C:\Users\Lev Grekov\.gradle\caches\modules-2\files-2.1\org.jetbrains.compose.material\material-ripple-desktop\1.4.1\4c42972aefc0908954af022d213e4c6d00daf288\material-ripple-desktop-1.4.1.jar;C:\Users\Lev Grekov\.gradle\caches\modules-2\files-2.1\org.jetbrains.compose.material\material-icons-core-desktop\1.4.1\26323c8bdd56b7587adb49ccde9b54f6c6d4f66c\material-icons-core-desktop-1.4.1.jar;C:\Users\Lev Grekov\.gradle\caches\modules-2\files-2.1\org.jetbrains.compose.ui\ui-text-desktop\1.4.1\d8c913f93cf15ebd065996473e228c5353b0d94d\ui-text-desktop-1.4.1.jar;C:\Users\Lev Grekov\.gradle\caches\modules-2\files-2.1\org.jetbrains.compose.animation\animation-core-desktop\1.4.1\44c90efd68332262293d06a2c07585cc7b9fa8b5\animation-core-desktop-1.4.1.jar;C:\Users\Lev Grekov\.gradle\caches\modules-2\files-2.1\org.jetbrains.compose.animation\animation-desktop\1.4.1\1155347d9aa6281e0805cb5b9707ed7e89e345b1\animation-desktop-1.4.1.jar;C:\Users\Lev Grekov\.gradle\caches\modules-2\files-2.1\org.jetbrains.skiko\skiko-awt\0.7.63\4da1aa9929b9cc7d10295db9d71aec62c34c7842\skiko-awt-0.7.63.jar;C:\Users\Lev Grekov\.gradle\caches\modules-2\files-2.1\org.jetbrains.compose.ui\ui-graphics-desktop\1.4.1\3b05e5c92bb6a4e92266359905c7e0866fdcc3ea\ui-graphics-desktop-1.4.1.jar;C:\Users\Lev Grekov\.gradle\caches\modules-2\files-2.1\org.jetbrains.compose.runtime\runtime-saveable-desktop\1.4.1\2bb14fd8fe4ab551a04330a4431187de2ecb1c2a\runtime-saveable-desktop-1.4.1.jar;C:\Users\Lev Grekov\.gradle\caches\modules-2\files-2.1\org.jetbrains.compose.ui\ui-unit-desktop\1.4.1\ce79e803d4f0b33631c958f64ff36a7010580d16\ui-unit-desktop-1.4.1.jar;C:\Users\Lev Grekov\.gradle\caches\modules-2\files-2.1\org.jetbrains.compose.ui\ui-geometry-desktop\1.4.1\81ea1ab414ba9926972708e9f4ca7ac499cd9137\ui-geometry-desktop-1.4.1.jar;C:\Users\Lev Grekov\.gradle\caches\modules-2\files-2.1\org.jetbrains.kotlinx\kotlinx-coroutines-core-jvm\1.6.4\2c997cd1c0ef33f3e751d3831929aeff1390cb30\kotlinx-coroutines-core-jvm-1.6.4.jar;C:\Users\Lev Grekov\.gradle\caches\modules-2\files-2.1\org.jetbrains.compose.foundation\foundation-layout-desktop\1.4.1\24afb95a5aa95d3fd0b7379ad7555931ce739f0c\foundation-layout-desktop-1.4.1.jar;C:\Users\Lev Grekov\.gradle\caches\modules-2\files-2.1\org.jetbrains.skiko\skiko-awt-runtime-windows-x64\0.7.63\a1e930529804f43fff759466a08acdafcc8909a1\skiko-awt-runtime-windows-x64-0.7.63.jar;C:\Users\Lev Grekov\.gradle\caches\modules-2\files-2.1\org.jetbrains.compose.ui\ui-util-desktop\1.4.1\3c3db20f77732f5874778c90cb589aba74ca81f3\ui-util-desktop-1.4.1.jar;C:\Users\Lev Grekov\.gradle\caches\modules-2\files-2.1\org.jetbrains.kotlinx\atomicfu-jvm\0.17.0\d3d2e380b6ee28231118101d09ae6dd06a1db1cb\atomicfu-jvm-0.17.0.jar;D:\IntelliJ IDEA 2023.2.1\lib\idea_rt.jar
Launcher Type: SUN_STANDARD

[Global flags]
     intx CICompilerCount                          = 4                                         {product} {ergonomic}
     uint ConcGCThreads                            = 3                                         {product} {ergonomic}
     uint G1ConcRefinementThreads                  = 10                                        {product} {ergonomic}
   size_t G1HeapRegionSize                         = 1048576                                   {product} {ergonomic}
    uintx GCDrainStackTargetSize                   = 64                                        {product} {ergonomic}
   size_t InitialHeapSize                          = 123731968                                 {product} {ergonomic}
   size_t MarkStackSize                            = 4194304                                   {product} {ergonomic}
   size_t MaxHeapSize                              = 1971322880                                {product} {ergonomic}
   size_t MaxNewSize                               = 1182793728                                {product} {ergonomic}
   size_t MinHeapDeltaBytes                        = 1048576                                   {product} {ergonomic}
   size_t MinHeapSize                              = 8388608                                   {product} {ergonomic}
    uintx NonNMethodCodeHeapSize                   = 5839372                                {pd product} {ergonomic}
    uintx NonProfiledCodeHeapSize                  = 122909434                              {pd product} {ergonomic}
    uintx ProfiledCodeHeapSize                     = 122909434                              {pd product} {ergonomic}
    uintx ReservedCodeCacheSize                    = 251658240                              {pd product} {ergonomic}
     bool SegmentedCodeCache                       = true                                      {product} {ergonomic}
   size_t SoftMaxHeapSize                          = 1971322880                             {manageable} {ergonomic}
     bool UseCompressedClassPointers               = true                           {product lp64_product} {ergonomic}
     bool UseCompressedOops                        = true                           {product lp64_product} {ergonomic}
     bool UseG1GC                                  = true                                      {product} {ergonomic}
     bool UseLargePagesIndividualAllocation        = false                                  {pd product} {ergonomic}

Logging:
Log output configuration:
 #0: stdout all=warning uptime,level,tags foldmultilines=false
 #1: stderr all=off uptime,level,tags foldmultilines=false

Environment Variables:
PATH=D:\python-3.11.6\Scripts\;D:\python-3.11.6\;C:\Program Files\Microsoft\jdk-11.0.16.101-hotspot\bin;C:\Program Files\Common Files\Oracle\Java\javapath;C:\Program Files (x86)\Common Files\Oracle\Java\javapath;C:\WINDOWS\system32;C:\WINDOWS;C:\WINDOWS\System32\Wbem;C:\WINDOWS\System32\WindowsPowerShell\v1.0\;C:\WINDOWS\System32\OpenSSH\;C:\Program Files\WireGuard\;C:\Program Files\Git\cmd;C:\Program Files\Microsoft SQL Server\150\Tools\Binn\;C:\Program Files\Microsoft SQL Server\Client SDK\ODBC\170\Tools\Binn\;C:\Program Files\dotnet\;C:\Users\Lev Grekov\AppData\Local\Microsoft\WindowsApps;D:\Git;C:\Users\Lev Grekov\.dotnet\tools;D:\pycharm\PyCharm Community Edition 2023.2.4\bin;;D:\Microsoft VS Code\bin
USERNAME=Lev Grekov
OS=Windows_NT
PROCESSOR_IDENTIFIER=AMD64 Family 23 Model 104 Stepping 1, AuthenticAMD



---------------  S Y S T E M  ---------------

OS:
 Windows 10 , 64 bit Build 19041 (10.0.19041.3031)
OS uptime: 4 days 12:36 hours

CPU: total 12 (initial active 12) (12 cores per cpu, 2 threads per core) family 23 model 104 stepping 1 microcode 0x0, cx8, cmov, fxsr, ht, mmx, 3dnowpref, sse, sse2, sse3, ssse3, sse4a, sse4.1, sse4.2, popcnt, lzcnt, tsc, tscinvbit, avx, avx2, aes, clmul, bmi1, bmi2, adx, sha, fma, vzeroupper, clflush, clflushopt

Memory: 4k page, system-wide physical 7514M (535M free)
TotalPageFile size 21504M (AvailPageFile size 6477M)
current process WorkingSet (physical memory assigned to process): 158M, peak: 171M
current process commit charge ("private bytes"): 281M, peak: 299M

vm_info: Java HotSpot(TM) 64-Bit Server VM (18.0.2.1+1-1) for windows-amd64 JRE (18.0.2.1+1-1), built on Aug 16 2022 01:46:33 by "mach5one" with MS VC++ 16.8 / 16.9 (VS2019)

END.
