#
# A fatal error has been detected by the Java Runtime Environment:
#
#  EXCEPTION_ACCESS_VIOLATION (0xc0000005) at pc=0x00007ffbc5c61968, pid=24884, tid=5112
#
# JRE version: Java(TM) SE Runtime Environment (18.0.2.1+1) (build 18.0.2.1+1-1)
# Java VM: Java HotSpot(TM) 64-Bit Server VM (18.0.2.1+1-1, mixed mode, sharing, tiered, compressed oops, compressed class ptrs, g1 gc, windows-amd64)
# Problematic frame:
# V  [jvm.dll+0x401968]
#
# No core dump will be written. Minidumps are not enabled by default on client versions of Windows
#
# If you would like to submit a bug report, please visit:
#   https://bugreport.java.com/bugreport/crash.jsp
#

---------------  S U M M A R Y ------------

Command Line: -agentlib:jdwp=transport=dt_socket,address=127.0.0.1:59005,suspend=y,server=n -javaagent:C:/Users/Lev Grekov/.gradle/caches/modules-2/files-2.1/org.jetbrains.kotlinx/kotlinx-coroutines-core-jvm/1.6.4/2c997cd1c0ef33f3e751d3831929aeff1390cb30/kotlinx-coroutines-core-jvm-1.6.4.jar -javaagent:C:\Users\LEVGRE~1\AppData\Local\Temp\captureAgent6579jars\debugger-agent.jar=file:/C:/Users/LEVGRE~1/AppData/Local/Temp/capture.props -Dfile.encoding=UTF-8 -Dsun.stdout.encoding=UTF-8 -Dsun.stderr.encoding=UTF-8 MainKt

Host: AMD Ryzen 5 5500U with Radeon Graphics         , 12 cores, 7G,  Windows 10 , 64 bit Build 19041 (10.0.19041.3031)
Time: Tue Nov 21 18:47:56 2023 RTZ 2 (s 10 , 64 bit Build 19041 (10.0.19041.3031) elapsed time: 73.919704 seconds (0d 0h 1m 13s)

---------------  T H R E A D  ---------------

Current thread (0x000002192f58baa0):  JavaThread "AWT-EventQueue-0" [_thread_in_vm, id=5112, stack(0x0000002471f00000,0x0000002472000000)]

Stack: [0x0000002471f00000,0x0000002472000000],  sp=0x0000002471ffd690,  free space=1013k
Native frames: (J=compiled Java code, j=interpreted, Vv=VM code, C=native code)
V  [jvm.dll+0x401968]
C  [skiko-windows-x64.dll+0x57cfc]

Java frames: (J=compiled Java code, j=interpreted, Vv=VM code)
j  org.jetbrains.skiko.redrawer.Direct3DRedrawer.initSwapChain(J)V+0
j  org.jetbrains.skiko.redrawer.Direct3DRedrawer.initSwapChain()V+5
j  org.jetbrains.skiko.context.Direct3DContextHandler.initCanvas()V+106
j  org.jetbrains.skiko.context.ContextHandler.draw()V+21
j  org.jetbrains.skiko.redrawer.Direct3DRedrawer.drawAndSwap(Z)V+21
j  org.jetbrains.skiko.redrawer.Direct3DRedrawer.redrawImmediately()V+180
j  org.jetbrains.skiko.SkiaLayer.paint(Ljava/awt/Graphics;)V+102
j  androidx.compose.ui.awt.ComposeLayer$ComponentImpl.paint(Ljava/awt/Graphics;)V+12
j  javax.swing.JComponent.paintChildren(Ljava/awt/Graphics;)V+516 java.desktop@18.0.2.1
j  javax.swing.JComponent.paint(Ljava/awt/Graphics;)V+318 java.desktop@18.0.2.1
j  javax.swing.JLayeredPane.paint(Ljava/awt/Graphics;)V+73 java.desktop@18.0.2.1
j  javax.swing.JComponent.paintChildren(Ljava/awt/Graphics;)V+516 java.desktop@18.0.2.1
j  javax.swing.JComponent.paint(Ljava/awt/Graphics;)V+318 java.desktop@18.0.2.1
j  androidx.compose.ui.window.Window_desktopKt$Window$11$1.invoke(Landroidx/compose/ui/awt/ComposeWindow;)V+75
j  androidx.compose.ui.window.Window_desktopKt$Window$11$1.invoke(Ljava/lang/Object;)Ljava/lang/Object;+5
j  androidx.compose.ui.window.AwtWindow_desktopKt$AwtWindow$3.invoke()V+13
j  androidx.compose.ui.window.AwtWindow_desktopKt$AwtWindow$3.invoke()Ljava/lang/Object;+1
j  androidx.compose.ui.util.UpdateEffect_desktopKt$UpdateEffect$2$performUpdate$1.invoke()V+7
j  androidx.compose.ui.util.UpdateEffect_desktopKt$UpdateEffect$2$performUpdate$1.invoke()Ljava/lang/Object;+1
j  androidx.compose.runtime.snapshots.Snapshot$Companion.observe(Lkotlin/jvm/functions/Function1;Lkotlin/jvm/functions/Function1;Lkotlin/jvm/functions/Function0;)Ljava/lang/Object;+108
j  androidx.compose.runtime.snapshots.SnapshotStateObserver$observeReads$1$1.invoke()V+15
j  androidx.compose.runtime.snapshots.SnapshotStateObserver$observeReads$1$1.invoke()Ljava/lang/Object;+1
j  androidx.compose.runtime.SnapshotStateKt__DerivedStateKt.observeDerivedStateRecalculations(Lkotlin/jvm/functions/Function1;Lkotlin/jvm/functions/Function1;Lkotlin/jvm/functions/Function0;)V+94
j  androidx.compose.runtime.SnapshotStateKt.observeDerivedStateRecalculations(Lkotlin/jvm/functions/Function1;Lkotlin/jvm/functions/Function1;Lkotlin/jvm/functions/Function0;)V+3
j  androidx.compose.runtime.snapshots.SnapshotStateObserver.observeReads(Ljava/lang/Object;Lkotlin/jvm/functions/Function1;Lkotlin/jvm/functions/Function0;)V+180
j  androidx.compose.ui.util.UpdateEffect_desktopKt$UpdateEffect$2.invoke$performUpdate(Landroidx/compose/runtime/snapshots/SnapshotStateObserver;Lkotlin/jvm/internal/Ref$ObjectRef;Landroidx/compose/runtime/State;)V+38
j  androidx.compose.ui.util.UpdateEffect_desktopKt$UpdateEffect$2.invoke(Landroidx/compose/runtime/DisposableEffectScope;)Landroidx/compose/runtime/DisposableEffectResult;+59
j  androidx.compose.ui.util.UpdateEffect_desktopKt$UpdateEffect$2.invoke(Ljava/lang/Object;)Ljava/lang/Object;+5
j  androidx.compose.runtime.DisposableEffectImpl.onRemembered()V+8
j  androidx.compose.runtime.CompositionImpl$RememberEventDispatcher.dispatchRememberObservers()V+234
j  androidx.compose.runtime.CompositionImpl.applyChangesInLocked(Ljava/util/List;)V+246
j  androidx.compose.runtime.CompositionImpl.applyChanges()V+38
j  androidx.compose.runtime.Recomposer.composeInitial$runtime(Landroidx/compose/runtime/ControlledComposition;Lkotlin/jvm/functions/Function2;)V+267
j  androidx.compose.runtime.CompositionImpl.setContent(Lkotlin/jvm/functions/Function2;)V+55
j  androidx.compose.ui.window.Application_desktopKt$awaitApplication$2$1$2.invokeSuspend(Ljava/lang/Object;)Ljava/lang/Object;+89
j  kotlin.coroutines.jvm.internal.BaseContinuationImpl.resumeWith(Ljava/lang/Object;)V+44
j  kotlinx.coroutines.DispatchedTask.run()V+314
j  java.awt.event.InvocationEvent.dispatch$$$capture()V+47 java.desktop@18.0.2.1
j  java.awt.event.InvocationEvent.dispatch()V+5 java.desktop@18.0.2.1
j  java.awt.EventQueue.dispatchEventImpl(Ljava/awt/AWTEvent;Ljava/lang/Object;)V+21 java.desktop@18.0.2.1
j  java.awt.EventQueue$4.run()Ljava/lang/Void;+32 java.desktop@18.0.2.1
j  java.awt.EventQueue$4.run()Ljava/lang/Object;+1 java.desktop@18.0.2.1
j  java.security.AccessController.executePrivileged(Ljava/security/PrivilegedAction;Ljava/security/AccessControlContext;Ljava/lang/Class;)Ljava/lang/Object;+29 java.base@18.0.2.1
j  java.security.AccessController.doPrivileged(Ljava/security/PrivilegedAction;Ljava/security/AccessControlContext;)Ljava/lang/Object;+13 java.base@18.0.2.1
j  java.security.ProtectionDomain$JavaSecurityAccessImpl.doIntersectionPrivilege(Ljava/security/PrivilegedAction;Ljava/security/AccessControlContext;Ljava/security/AccessControlContext;)Ljava/lang/Object;+18 java.base@18.0.2.1
j  java.awt.EventQueue.dispatchEvent(Ljava/awt/AWTEvent;)V+46 java.desktop@18.0.2.1
j  java.awt.EventDispatchThread.pumpOneEventForFilters(I)V+78 java.desktop@18.0.2.1
j  java.awt.EventDispatchThread.pumpEventsForFilter(ILjava/awt/Conditional;Ljava/awt/EventFilter;)V+35 java.desktop@18.0.2.1
j  java.awt.EventDispatchThread.pumpEventsForHierarchy(ILjava/awt/Conditional;Ljava/awt/Component;)V+11 java.desktop@18.0.2.1
j  java.awt.EventDispatchThread.pumpEvents(ILjava/awt/Conditional;)V+4 java.desktop@18.0.2.1
j  java.awt.EventDispatchThread.pumpEvents(Ljava/awt/Conditional;)V+3 java.desktop@18.0.2.1
j  java.awt.EventDispatchThread.run()V+9 java.desktop@18.0.2.1
v  ~StubRoutines::call_stub

siginfo: EXCEPTION_ACCESS_VIOLATION (0xc0000005), reading address 0x0000000000000000


Register to memory mapping:

RIP=0x00007ffbc5c61968 jvm.dll
RAX=0x0 is NULL
RBX=0x000002192f58baa0 is a thread
RCX=0xf405ec4e3d310000 is an unknown value
RDX=0x0000021930a0fa90 is a global jni handle
RSP=0x0000002471ffd690 is pointing into the stack for thread: 0x000002192f58baa0
RBP=0x0000002471ffd788 is pointing into the stack for thread: 0x000002192f58baa0
RSI=0x0 is NULL
RDI=0x000002192f58bd30 points into unknown readable memory: 0x00007ffbc6324720 | 20 47 32 c6 fb 7f 00 00
R8 =0x0 is NULL
R9 =0x000002192f58b6f0 points into unknown readable memory: 0x0000000000000002 | 02 00 00 00 00 00 00 00
R10=0x000002192f58baa0 is a thread
R11=0x0000002471ffd688 is pointing into the stack for thread: 0x000002192f58baa0
R12=0x0 is NULL
R13={method} {0x000002192ba4e968} 'initSwapChain' '(J)V' in 'org/jetbrains/skiko/redrawer/Direct3DRedrawer'
R14=0x0000002471ffd970 is pointing into the stack for thread: 0x000002192f58baa0
R15=0x000002192f58baa0 is a thread


Registers:
RAX=0x0000000000000000, RBX=0x000002192f58baa0, RCX=0xf405ec4e3d310000, RDX=0x0000021930a0fa90
RSP=0x0000002471ffd690, RBP=0x0000002471ffd788, RSI=0x0000000000000000, RDI=0x000002192f58bd30
R8 =0x0000000000000000, R9 =0x000002192f58b6f0, R10=0x000002192f58baa0, R11=0x0000002471ffd688
R12=0x0000000000000000, R13=0x000002192ba4e960, R14=0x0000002471ffd970, R15=0x000002192f58baa0
RIP=0x00007ffbc5c61968, EFLAGS=0x0000000000010202

Top of Stack: (sp=0x0000002471ffd690)
0x0000002471ffd690:   000002192f58baa0 0000000000000084
0x0000002471ffd6a0:   0000002471ffd728 0000002471ffd7a0
0x0000002471ffd6b0:   000002192f575720 0000000000000300
0x0000002471ffd6c0:   0000002471ffd970 000002192f58baa0
0x0000002471ffd6d0:   0000002471ffd7a0 00007ffbc5c8a896
0x0000002471ffd6e0:   000002192f58baa0 000002192f575718
0x0000002471ffd6f0:   0000002400000450 00007ffbc61966d0
0x0000002471ffd700:   000002192f58baa0 0000002471ffd970
0x0000002471ffd710:   0000002471ffd7a0 00007ffbc5c65941
0x0000002471ffd720:   000002192f58baa0 0000002471ffd940
0x0000002471ffd730:   0000002471ffd970 00007ffbc4867cfc
0x0000002471ffd740:   000002192f58bd30 0000002471ffd940
0x0000002471ffd750:   000002192bd79ba8 0000021930622444
0x0000002471ffd760:   0000021930622444 00007ffbc48681bc
0x0000002471ffd770:   000002192f58bd30 000002192bd79ba8
0x0000002471ffd780:   0000000000000000 000002192f570ba8 

Instructions: (pc=0x00007ffbc5c61968)
0x00007ffbc5c61868:   4b 10 48 8b 43 08 48 8b d7 48 89 48 10 48 8b 4b
0x00007ffbc5c61878:   08 48 8b 43 18 48 89 41 18 48 8b 4b 08 48 8b 43
0x00007ffbc5c61888:   20 48 89 41 20 48 8d 8f 70 02 00 00 e8 07 5f ee
0x00007ffbc5c61898:   ff c7 87 30 03 00 00 04 00 00 00 48 81 c4 b0 00
0x00007ffbc5c618a8:   00 00 41 5e 5f 5e 5d 5b c3 cc cc cc cc cc cc cc
0x00007ffbc5c618b8:   cc cc cc cc cc cc cc cc 48 89 5c 24 08 48 89 6c
0x00007ffbc5c618c8:   24 10 48 89 74 24 18 48 89 7c 24 20 41 56 48 81
0x00007ffbc5c618d8:   ec a0 00 00 00 8b 81 c8 00 00 00 48 8d 99 70 fd
0x00007ffbc5c618e8:   ff ff 05 55 21 ff ff 49 8b e9 49 8b f0 48 8b f9
0x00007ffbc5c618f8:   83 f8 01 76 0a 48 8b cb e8 2b f8 39 00 33 db c7
0x00007ffbc5c61908:   83 30 03 00 00 06 00 00 00 e8 da 8e 28 00 48 8b
0x00007ffbc5c61918:   83 38 03 00 00 a8 01 74 0a b2 01 48 8b cb e8 55
0x00007ffbc5c61928:   72 2f 00 8b 83 20 03 00 00 a8 0d 74 0a 33 d2 48
0x00007ffbc5c61938:   8b cb e8 01 1f 3a 00 48 83 7b 08 00 c7 83 30 03
0x00007ffbc5c61948:   00 00 06 00 00 00 48 89 5c 24 50 48 c7 44 24 58
0x00007ffbc5c61958:   00 00 00 00 74 0a 48 8d 4c 24 50 e8 58 21 2c 00
0x00007ffbc5c61968:   48 8b 16 48 8d 4c 24 70 c7 44 24 40 0e 00 00 00
0x00007ffbc5c61978:   e8 23 c1 00 00 48 8d 44 24 70 48 89 5c 24 30 48
0x00007ffbc5c61988:   89 44 24 28 4c 8d 35 c5 4d 53 00 45 33 c9 48 89
0x00007ffbc5c61998:   74 24 20 45 33 c0 4c 89 74 24 70 48 8d 54 24 40
0x00007ffbc5c619a8:   48 89 ac 24 98 00 00 00 48 8b cf e8 68 d4 00 00
0x00007ffbc5c619b8:   48 83 7c 24 58 00 4c 89 74 24 70 48 c7 84 24 98
0x00007ffbc5c619c8:   00 00 00 00 00 00 00 74 0a 48 8d 4c 24 50 e8 65
0x00007ffbc5c619d8:   21 2c 00 48 8b bb d0 00 00 00 48 8b 4f 10 48 83
0x00007ffbc5c619e8:   39 00 74 0c 48 8b cf e8 9c b3 f6 ff 48 8b 4f 10
0x00007ffbc5c619f8:   48 8b 47 08 48 8b d3 48 89 48 10 48 8b 4f 08 48
0x00007ffbc5c61a08:   8b 47 18 48 89 41 18 48 8b 4f 08 48 8b 47 20 48
0x00007ffbc5c61a18:   89 41 20 48 8d 8b 70 02 00 00 e8 79 5d ee ff 4c
0x00007ffbc5c61a28:   8d 9c 24 a0 00 00 00 c7 83 30 03 00 00 04 00 00
0x00007ffbc5c61a38:   00 49 8b 5b 10 49 8b 6b 18 49 8b 73 20 49 8b 7b
0x00007ffbc5c61a48:   28 49 8b e3 41 5e c3 cc 48 89 5c 24 08 48 89 6c
0x00007ffbc5c61a58:   24 10 48 89 74 24 18 57 48 81 ec a0 00 00 00 8b 


Stack slot to memory mapping:
stack at sp + 0 slots: 0x000002192f58baa0 is a thread
stack at sp + 1 slots: 0x0000000000000084 is an unknown value
stack at sp + 2 slots: 0x0000002471ffd728 is pointing into the stack for thread: 0x000002192f58baa0
stack at sp + 3 slots: 0x0000002471ffd7a0 is pointing into the stack for thread: 0x000002192f58baa0
stack at sp + 4 slots: 0x000002192f575720 points into unknown readable memory: 0x000000009152cb90 | 90 cb 52 91 00 00 00 00
stack at sp + 5 slots: 0x0000000000000300 is an unknown value
stack at sp + 6 slots: 0x0000002471ffd970 is pointing into the stack for thread: 0x000002192f58baa0
stack at sp + 7 slots: 0x000002192f58baa0 is a thread


---------------  P R O C E S S  ---------------

Threads class SMR info:
_java_thread_list=0x000002192f12a210, length=24, elements={
0x000002190cddb610, 0x000002192ae1b6f0, 0x000002192ae1d270, 0x000002192ae31560,
0x000002192ae31e10, 0x000002192ae326c0, 0x000002192ae32f70, 0x000002192ae33b50,
0x000002192ae36590, 0x000002192ae36e80, 0x000002192f0a3c40, 0x000002192f11e350,
0x000002192f3246f0, 0x000002192f3f4c90, 0x000002192f55d330, 0x000002192f55db40,
0x000002192f58baa0, 0x00000219306501c0, 0x0000021930299610, 0x0000021930571710,
0x0000021930572a50, 0x00000219305720b0, 0x000002193056f560, 0x000002193056fa30
}

Java Threads: ( => current thread )
  0x000002190cddb610 JavaThread "main" [_thread_blocked, id=3540, stack(0x0000002470400000,0x0000002470500000)]
  0x000002192ae1b6f0 JavaThread "Reference Handler" daemon [_thread_blocked, id=19948, stack(0x0000002470b00000,0x0000002470c00000)]
  0x000002192ae1d270 JavaThread "Finalizer" daemon [_thread_blocked, id=19544, stack(0x0000002470c00000,0x0000002470d00000)]
  0x000002192ae31560 JavaThread "Signal Dispatcher" daemon [_thread_blocked, id=24356, stack(0x0000002470d00000,0x0000002470e00000)]
  0x000002192ae31e10 JavaThread "Attach Listener" daemon [_thread_blocked, id=12248, stack(0x0000002470e00000,0x0000002470f00000)]
  0x000002192ae326c0 JavaThread "Service Thread" daemon [_thread_blocked, id=22032, stack(0x0000002470f00000,0x0000002471000000)]
  0x000002192ae32f70 JavaThread "Monitor Deflation Thread" daemon [_thread_blocked, id=18476, stack(0x0000002471000000,0x0000002471100000)]
  0x000002192ae33b50 JavaThread "C2 CompilerThread0" daemon [_thread_blocked, id=24660, stack(0x0000002471100000,0x0000002471200000)]
  0x000002192ae36590 JavaThread "C1 CompilerThread0" daemon [_thread_blocked, id=22456, stack(0x0000002471200000,0x0000002471300000)]
  0x000002192ae36e80 JavaThread "Sweeper thread" daemon [_thread_blocked, id=16036, stack(0x0000002471300000,0x0000002471400000)]
  0x000002192f0a3c40 JavaThread "Common-Cleaner" daemon [_thread_blocked, id=24484, stack(0x0000002471400000,0x0000002471500000)]
  0x000002192f11e350 JavaThread "JDWP Event Helper Thread" daemon [_thread_blocked, id=20644, stack(0x0000002471600000,0x0000002471700000)]
  0x000002192f3246f0 JavaThread "Coroutines Debugger Cleaner" daemon [_thread_blocked, id=2872, stack(0x0000002471900000,0x0000002471a00000)]
  0x000002192f3f4c90 JavaThread "Notification Thread" daemon [_thread_blocked, id=13960, stack(0x0000002471a00000,0x0000002471b00000)]
  0x000002192f55d330 JavaThread "Java2D Disposer" daemon [_thread_blocked, id=20940, stack(0x0000002471c00000,0x0000002471d00000)]
  0x000002192f55db40 JavaThread "AWT-Shutdown" [_thread_blocked, id=24344, stack(0x0000002471d00000,0x0000002471e00000)]
=>0x000002192f58baa0 JavaThread "AWT-EventQueue-0" [_thread_in_vm, id=5112, stack(0x0000002471f00000,0x0000002472000000)]
  0x00000219306501c0 JavaThread "DefaultDispatcher-worker-1" daemon [_thread_blocked, id=17616, stack(0x0000002473300000,0x0000002473400000)]
  0x0000021930299610 JavaThread "DefaultDispatcher-worker-2" daemon [_thread_blocked, id=7068, stack(0x0000002473400000,0x0000002473500000)]
  0x0000021930571710 JavaThread "DefaultDispatcher-worker-3" daemon [_thread_blocked, id=15752, stack(0x0000002473500000,0x0000002473600000)]
  0x0000021930572a50 JavaThread "kotlinx.coroutines.DefaultExecutor" daemon [_thread_blocked, id=496, stack(0x0000002473600000,0x0000002473700000)]
  0x00000219305720b0 JavaThread "Reference Cleaner" daemon [_thread_blocked, id=22296, stack(0x0000002473700000,0x0000002473800000)]
  0x000002193056f560 JavaThread "SIGINT handler" daemon [_thread_blocked, id=17496, stack(0x0000002470200000,0x0000002470300000)]
  0x000002193056fa30 JavaThread "ToolkitShutdown" daemon [_thread_in_native, id=5976, stack(0x0000002470300000,0x0000002470400000)]

Other Threads:
  0x000002190ce50820 VMThread "VM Thread" [stack: 0x0000002470a00000,0x0000002470b00000] [id=22760]
  0x000002192f3fa180 WatcherThread "VM Periodic Task Thread" [stack: 0x0000002471b00000,0x0000002471c00000] [id=15756]
  0x000002190ce3a3f0 WorkerThread "GC Thread#0" [stack: 0x0000002470500000,0x0000002470600000] [id=10212]
  0x000002192f601f30 WorkerThread "GC Thread#1" [stack: 0x0000002472000000,0x0000002472100000] [id=22560]
  0x000002192fafe790 WorkerThread "GC Thread#2" [stack: 0x0000002472100000,0x0000002472200000] [id=16696]
  0x000002192fafea30 WorkerThread "GC Thread#3" [stack: 0x0000002472200000,0x0000002472300000] [id=18144]
  0x000002192faff0e0 WorkerThread "GC Thread#4" [stack: 0x0000002472300000,0x0000002472400000] [id=21136]
  0x000002192faff380 WorkerThread "GC Thread#5" [stack: 0x0000002472400000,0x0000002472500000] [id=20076]
  0x000002192f811e20 WorkerThread "GC Thread#6" [stack: 0x0000002472500000,0x0000002472600000] [id=12756]
  0x000002192f8120c0 WorkerThread "GC Thread#7" [stack: 0x0000002472600000,0x0000002472700000] [id=22332]
  0x000002192fb1cf10 WorkerThread "GC Thread#8" [stack: 0x0000002472700000,0x0000002472800000] [id=11984]
  0x000002192fb219d0 WorkerThread "GC Thread#9" [stack: 0x0000002472800000,0x0000002472900000] [id=17204]
  0x000002190ce49d40 ConcurrentGCThread "G1 Main Marker" [stack: 0x0000002470600000,0x0000002470700000] [id=14944]
  0x000002190ce4a640 WorkerThread "G1 Conc#0" [stack: 0x0000002470700000,0x0000002470800000] [id=10924]
  0x000002190ce9e7e0 ConcurrentGCThread "G1 Refine#0" [stack: 0x0000002470800000,0x0000002470900000] [id=22384]
  0x000002192acd8210 ConcurrentGCThread "G1 Service" [stack: 0x0000002470900000,0x0000002470a00000] [id=12408]

Threads with active compile tasks:

VM state: not at safepoint (normal execution)

VM Mutex/Monitor currently owned by a thread: None

Heap address: 0x000000008a800000, size: 1880 MB, Compressed Oops mode: 32-bit

CDS archive(s) mapped at: [0x0000000800000000-0x0000000800ba0000-0x0000000800ba0000), size 12189696, SharedBaseAddress: 0x0000000800000000, ArchiveRelocationMode: 0.
Compressed class space mapped at: 0x0000000800c00000-0x0000000840c00000, reserved size: 1073741824
Narrow klass base: 0x0000000800000000, Narrow klass shift: 0, Narrow klass range: 0x100000000

GC Precious Log:
 CardTable entry size: 512
 Card Set container configuration: InlinePtr #cards 5 size 8 Array Of Cards #cards 12 size 40 Howl #buckets 4 coarsen threshold 1843 Howl Bitmap #cards 512 size 80 coarsen threshold 460 Card regions per heap region 1 cards per card region 2048
 CPUs: 12 total, 12 available
 Memory: 7514M
 Large Page Support: Disabled
 NUMA Support: Disabled
 Compressed Oops: Enabled (32-bit)
 Heap Region Size: 1M
 Heap Min Capacity: 8M
 Heap Initial Capacity: 118M
 Heap Max Capacity: 1880M
 Pre-touch: Disabled
 Parallel Workers: 10
 Concurrent Workers: 3
 Concurrent Refinement Workers: 10
 Periodic GC: Disabled

Heap:
 garbage-first heap   total 120832K, used 13236K [0x000000008a800000, 0x0000000100000000)
  region size 1024K, 11 young (11264K), 2 survivors (2048K)
 Metaspace       used 15205K, committed 15424K, reserved 1114112K
  class space    used 1546K, committed 1664K, reserved 1048576K

Heap Regions: E=young(eden), S=young(survivor), O=old, HS=humongous(starts), HC=humongous(continues), CS=collection set, F=free, OA=open archive, CA=closed archive, TAMS=top-at-mark-start (previous, next)
|   0|0x000000008a800000, 0x000000008a900000, 0x000000008a900000|100%| O|  |TAMS 0x000000008a800000, 0x000000008a800000| Untracked 
|   1|0x000000008a900000, 0x000000008a900000, 0x000000008aa00000|  0%| F|  |TAMS 0x000000008a900000, 0x000000008a900000| Untracked 
|   2|0x000000008aa00000, 0x000000008aa00000, 0x000000008ab00000|  0%| F|  |TAMS 0x000000008aa00000, 0x000000008aa00000| Untracked 
|   3|0x000000008ab00000, 0x000000008ab00000, 0x000000008ac00000|  0%| F|  |TAMS 0x000000008ab00000, 0x000000008ab00000| Untracked 
|   4|0x000000008ac00000, 0x000000008ad00000, 0x000000008ad00000|100%| O|  |TAMS 0x000000008ac00000, 0x000000008ac00000| Untracked 
|   5|0x000000008ad00000, 0x000000008ae00000, 0x000000008ae00000|100%| O|  |TAMS 0x000000008ad00000, 0x000000008ad00000| Untracked 
|   6|0x000000008ae00000, 0x000000008ae6f800, 0x000000008af00000| 43%| O|  |TAMS 0x000000008ae00000, 0x000000008ae00000| Untracked 
|   7|0x000000008af00000, 0x000000008af00000, 0x000000008b000000|  0%| F|  |TAMS 0x000000008af00000, 0x000000008af00000| Untracked 
|   8|0x000000008b000000, 0x000000008b000000, 0x000000008b100000|  0%| F|  |TAMS 0x000000008b000000, 0x000000008b000000| Untracked 
|   9|0x000000008b100000, 0x000000008b100000, 0x000000008b200000|  0%| F|  |TAMS 0x000000008b100000, 0x000000008b100000| Untracked 
|  10|0x000000008b200000, 0x000000008b200000, 0x000000008b300000|  0%| F|  |TAMS 0x000000008b200000, 0x000000008b200000| Untracked 
|  11|0x000000008b300000, 0x000000008b300000, 0x000000008b400000|  0%| F|  |TAMS 0x000000008b300000, 0x000000008b300000| Untracked 
|  12|0x000000008b400000, 0x000000008b400000, 0x000000008b500000|  0%| F|  |TAMS 0x000000008b400000, 0x000000008b400000| Untracked 
|  13|0x000000008b500000, 0x000000008b500000, 0x000000008b600000|  0%| F|  |TAMS 0x000000008b500000, 0x000000008b500000| Untracked 
|  14|0x000000008b600000, 0x000000008b600000, 0x000000008b700000|  0%| F|  |TAMS 0x000000008b600000, 0x000000008b600000| Untracked 
|  15|0x000000008b700000, 0x000000008b700000, 0x000000008b800000|  0%| F|  |TAMS 0x000000008b700000, 0x000000008b700000| Untracked 
|  16|0x000000008b800000, 0x000000008b800000, 0x000000008b900000|  0%| F|  |TAMS 0x000000008b800000, 0x000000008b800000| Untracked 
|  17|0x000000008b900000, 0x000000008b900000, 0x000000008ba00000|  0%| F|  |TAMS 0x000000008b900000, 0x000000008b900000| Untracked 
|  18|0x000000008ba00000, 0x000000008ba00000, 0x000000008bb00000|  0%| F|  |TAMS 0x000000008ba00000, 0x000000008ba00000| Untracked 
|  19|0x000000008bb00000, 0x000000008bb00000, 0x000000008bc00000|  0%| F|  |TAMS 0x000000008bb00000, 0x000000008bb00000| Untracked 
|  20|0x000000008bc00000, 0x000000008bc00000, 0x000000008bd00000|  0%| F|  |TAMS 0x000000008bc00000, 0x000000008bc00000| Untracked 
|  21|0x000000008bd00000, 0x000000008bd00000, 0x000000008be00000|  0%| F|  |TAMS 0x000000008bd00000, 0x000000008bd00000| Untracked 
|  22|0x000000008be00000, 0x000000008be00000, 0x000000008bf00000|  0%| F|  |TAMS 0x000000008be00000, 0x000000008be00000| Untracked 
|  23|0x000000008bf00000, 0x000000008bf00000, 0x000000008c000000|  0%| F|  |TAMS 0x000000008bf00000, 0x000000008bf00000| Untracked 
|  24|0x000000008c000000, 0x000000008c000000, 0x000000008c100000|  0%| F|  |TAMS 0x000000008c000000, 0x000000008c000000| Untracked 
|  25|0x000000008c100000, 0x000000008c100000, 0x000000008c200000|  0%| F|  |TAMS 0x000000008c100000, 0x000000008c100000| Untracked 
|  26|0x000000008c200000, 0x000000008c200000, 0x000000008c300000|  0%| F|  |TAMS 0x000000008c200000, 0x000000008c200000| Untracked 
|  27|0x000000008c300000, 0x000000008c300000, 0x000000008c400000|  0%| F|  |TAMS 0x000000008c300000, 0x000000008c300000| Untracked 
|  28|0x000000008c400000, 0x000000008c400000, 0x000000008c500000|  0%| F|  |TAMS 0x000000008c400000, 0x000000008c400000| Untracked 
|  29|0x000000008c500000, 0x000000008c500000, 0x000000008c600000|  0%| F|  |TAMS 0x000000008c500000, 0x000000008c500000| Untracked 
|  30|0x000000008c600000, 0x000000008c600000, 0x000000008c700000|  0%| F|  |TAMS 0x000000008c600000, 0x000000008c600000| Untracked 
|  31|0x000000008c700000, 0x000000008c700000, 0x000000008c800000|  0%| F|  |TAMS 0x000000008c700000, 0x000000008c700000| Untracked 
|  32|0x000000008c800000, 0x000000008c800000, 0x000000008c900000|  0%| F|  |TAMS 0x000000008c800000, 0x000000008c800000| Untracked 
|  33|0x000000008c900000, 0x000000008c900000, 0x000000008ca00000|  0%| F|  |TAMS 0x000000008c900000, 0x000000008c900000| Untracked 
|  34|0x000000008ca00000, 0x000000008ca00000, 0x000000008cb00000|  0%| F|  |TAMS 0x000000008ca00000, 0x000000008ca00000| Untracked 
|  35|0x000000008cb00000, 0x000000008cb00000, 0x000000008cc00000|  0%| F|  |TAMS 0x000000008cb00000, 0x000000008cb00000| Untracked 
|  36|0x000000008cc00000, 0x000000008cc00000, 0x000000008cd00000|  0%| F|  |TAMS 0x000000008cc00000, 0x000000008cc00000| Untracked 
|  37|0x000000008cd00000, 0x000000008cd00000, 0x000000008ce00000|  0%| F|  |TAMS 0x000000008cd00000, 0x000000008cd00000| Untracked 
|  38|0x000000008ce00000, 0x000000008ce00000, 0x000000008cf00000|  0%| F|  |TAMS 0x000000008ce00000, 0x000000008ce00000| Untracked 
|  39|0x000000008cf00000, 0x000000008cf00000, 0x000000008d000000|  0%| F|  |TAMS 0x000000008cf00000, 0x000000008cf00000| Untracked 
|  40|0x000000008d000000, 0x000000008d000000, 0x000000008d100000|  0%| F|  |TAMS 0x000000008d000000, 0x000000008d000000| Untracked 
|  41|0x000000008d100000, 0x000000008d100000, 0x000000008d200000|  0%| F|  |TAMS 0x000000008d100000, 0x000000008d100000| Untracked 
|  42|0x000000008d200000, 0x000000008d200000, 0x000000008d300000|  0%| F|  |TAMS 0x000000008d200000, 0x000000008d200000| Untracked 
|  43|0x000000008d300000, 0x000000008d300000, 0x000000008d400000|  0%| F|  |TAMS 0x000000008d300000, 0x000000008d300000| Untracked 
|  44|0x000000008d400000, 0x000000008d400000, 0x000000008d500000|  0%| F|  |TAMS 0x000000008d400000, 0x000000008d400000| Untracked 
|  45|0x000000008d500000, 0x000000008d500000, 0x000000008d600000|  0%| F|  |TAMS 0x000000008d500000, 0x000000008d500000| Untracked 
|  46|0x000000008d600000, 0x000000008d600000, 0x000000008d700000|  0%| F|  |TAMS 0x000000008d600000, 0x000000008d600000| Untracked 
|  47|0x000000008d700000, 0x000000008d700000, 0x000000008d800000|  0%| F|  |TAMS 0x000000008d700000, 0x000000008d700000| Untracked 
|  48|0x000000008d800000, 0x000000008d800000, 0x000000008d900000|  0%| F|  |TAMS 0x000000008d800000, 0x000000008d800000| Untracked 
|  49|0x000000008d900000, 0x000000008d900000, 0x000000008da00000|  0%| F|  |TAMS 0x000000008d900000, 0x000000008d900000| Untracked 
|  50|0x000000008da00000, 0x000000008da00000, 0x000000008db00000|  0%| F|  |TAMS 0x000000008da00000, 0x000000008da00000| Untracked 
|  51|0x000000008db00000, 0x000000008db00000, 0x000000008dc00000|  0%| F|  |TAMS 0x000000008db00000, 0x000000008db00000| Untracked 
|  52|0x000000008dc00000, 0x000000008dc00000, 0x000000008dd00000|  0%| F|  |TAMS 0x000000008dc00000, 0x000000008dc00000| Untracked 
|  53|0x000000008dd00000, 0x000000008dd00000, 0x000000008de00000|  0%| F|  |TAMS 0x000000008dd00000, 0x000000008dd00000| Untracked 
|  54|0x000000008de00000, 0x000000008de00000, 0x000000008df00000|  0%| F|  |TAMS 0x000000008de00000, 0x000000008de00000| Untracked 
|  55|0x000000008df00000, 0x000000008df00000, 0x000000008e000000|  0%| F|  |TAMS 0x000000008df00000, 0x000000008df00000| Untracked 
|  56|0x000000008e000000, 0x000000008e000000, 0x000000008e100000|  0%| F|  |TAMS 0x000000008e000000, 0x000000008e000000| Untracked 
|  57|0x000000008e100000, 0x000000008e100000, 0x000000008e200000|  0%| F|  |TAMS 0x000000008e100000, 0x000000008e100000| Untracked 
|  58|0x000000008e200000, 0x000000008e200000, 0x000000008e300000|  0%| F|  |TAMS 0x000000008e200000, 0x000000008e200000| Untracked 
|  59|0x000000008e300000, 0x000000008e300000, 0x000000008e400000|  0%| F|  |TAMS 0x000000008e300000, 0x000000008e300000| Untracked 
|  60|0x000000008e400000, 0x000000008e400000, 0x000000008e500000|  0%| F|  |TAMS 0x000000008e400000, 0x000000008e400000| Untracked 
|  61|0x000000008e500000, 0x000000008e500000, 0x000000008e600000|  0%| F|  |TAMS 0x000000008e500000, 0x000000008e500000| Untracked 
|  62|0x000000008e600000, 0x000000008e600000, 0x000000008e700000|  0%| F|  |TAMS 0x000000008e600000, 0x000000008e600000| Untracked 
|  63|0x000000008e700000, 0x000000008e700000, 0x000000008e800000|  0%| F|  |TAMS 0x000000008e700000, 0x000000008e700000| Untracked 
|  64|0x000000008e800000, 0x000000008e800000, 0x000000008e900000|  0%| F|  |TAMS 0x000000008e800000, 0x000000008e800000| Untracked 
|  65|0x000000008e900000, 0x000000008e900000, 0x000000008ea00000|  0%| F|  |TAMS 0x000000008e900000, 0x000000008e900000| Untracked 
|  66|0x000000008ea00000, 0x000000008ea00000, 0x000000008eb00000|  0%| F|  |TAMS 0x000000008ea00000, 0x000000008ea00000| Untracked 
|  67|0x000000008eb00000, 0x000000008eb00000, 0x000000008ec00000|  0%| F|  |TAMS 0x000000008eb00000, 0x000000008eb00000| Untracked 
|  68|0x000000008ec00000, 0x000000008ec00000, 0x000000008ed00000|  0%| F|  |TAMS 0x000000008ec00000, 0x000000008ec00000| Untracked 
|  69|0x000000008ed00000, 0x000000008ed00000, 0x000000008ee00000|  0%| F|  |TAMS 0x000000008ed00000, 0x000000008ed00000| Untracked 
|  70|0x000000008ee00000, 0x000000008ee00000, 0x000000008ef00000|  0%| F|  |TAMS 0x000000008ee00000, 0x000000008ee00000| Untracked 
|  71|0x000000008ef00000, 0x000000008ef00000, 0x000000008f000000|  0%| F|  |TAMS 0x000000008ef00000, 0x000000008ef00000| Untracked 
|  72|0x000000008f000000, 0x000000008f000000, 0x000000008f100000|  0%| F|  |TAMS 0x000000008f000000, 0x000000008f000000| Untracked 
|  73|0x000000008f100000, 0x000000008f100000, 0x000000008f200000|  0%| F|  |TAMS 0x000000008f100000, 0x000000008f100000| Untracked 
|  74|0x000000008f200000, 0x000000008f200000, 0x000000008f300000|  0%| F|  |TAMS 0x000000008f200000, 0x000000008f200000| Untracked 
|  75|0x000000008f300000, 0x000000008f300000, 0x000000008f400000|  0%| F|  |TAMS 0x000000008f300000, 0x000000008f300000| Untracked 
|  76|0x000000008f400000, 0x000000008f400000, 0x000000008f500000|  0%| F|  |TAMS 0x000000008f400000, 0x000000008f400000| Untracked 
|  77|0x000000008f500000, 0x000000008f500000, 0x000000008f600000|  0%| F|  |TAMS 0x000000008f500000, 0x000000008f500000| Untracked 
|  78|0x000000008f600000, 0x000000008f600000, 0x000000008f700000|  0%| F|  |TAMS 0x000000008f600000, 0x000000008f600000| Untracked 
|  79|0x000000008f700000, 0x000000008f700000, 0x000000008f800000|  0%| F|  |TAMS 0x000000008f700000, 0x000000008f700000| Untracked 
|  80|0x000000008f800000, 0x000000008f800000, 0x000000008f900000|  0%| F|  |TAMS 0x000000008f800000, 0x000000008f800000| Untracked 
|  81|0x000000008f900000, 0x000000008f97d900, 0x000000008fa00000| 49%| S|CS|TAMS 0x000000008f900000, 0x000000008f900000| Complete 
|  82|0x000000008fa00000, 0x000000008fb00000, 0x000000008fb00000|100%| S|CS|TAMS 0x000000008fa00000, 0x000000008fa00000| Complete 
|  83|0x000000008fb00000, 0x000000008fb00000, 0x000000008fc00000|  0%| F|  |TAMS 0x000000008fb00000, 0x000000008fb00000| Untracked 
|  84|0x000000008fc00000, 0x000000008fc00000, 0x000000008fd00000|  0%| F|  |TAMS 0x000000008fc00000, 0x000000008fc00000| Untracked 
|  85|0x000000008fd00000, 0x000000008fd00000, 0x000000008fe00000|  0%| F|  |TAMS 0x000000008fd00000, 0x000000008fd00000| Untracked 
|  86|0x000000008fe00000, 0x000000008fe00000, 0x000000008ff00000|  0%| F|  |TAMS 0x000000008fe00000, 0x000000008fe00000| Untracked 
|  87|0x000000008ff00000, 0x000000008ff00000, 0x0000000090000000|  0%| F|  |TAMS 0x000000008ff00000, 0x000000008ff00000| Untracked 
|  88|0x0000000090000000, 0x0000000090000000, 0x0000000090100000|  0%| F|  |TAMS 0x0000000090000000, 0x0000000090000000| Untracked 
|  89|0x0000000090100000, 0x0000000090100000, 0x0000000090200000|  0%| F|  |TAMS 0x0000000090100000, 0x0000000090100000| Untracked 
|  90|0x0000000090200000, 0x0000000090200000, 0x0000000090300000|  0%| F|  |TAMS 0x0000000090200000, 0x0000000090200000| Untracked 
|  91|0x0000000090300000, 0x0000000090300000, 0x0000000090400000|  0%| F|  |TAMS 0x0000000090300000, 0x0000000090300000| Untracked 
|  92|0x0000000090400000, 0x0000000090400000, 0x0000000090500000|  0%| F|  |TAMS 0x0000000090400000, 0x0000000090400000| Untracked 
|  93|0x0000000090500000, 0x0000000090500000, 0x0000000090600000|  0%| F|  |TAMS 0x0000000090500000, 0x0000000090500000| Untracked 
|  94|0x0000000090600000, 0x0000000090600000, 0x0000000090700000|  0%| F|  |TAMS 0x0000000090600000, 0x0000000090600000| Untracked 
|  95|0x0000000090700000, 0x0000000090700000, 0x0000000090800000|  0%| F|  |TAMS 0x0000000090700000, 0x0000000090700000| Untracked 
|  96|0x0000000090800000, 0x0000000090800000, 0x0000000090900000|  0%| F|  |TAMS 0x0000000090800000, 0x0000000090800000| Untracked 
|  97|0x0000000090900000, 0x0000000090900000, 0x0000000090a00000|  0%| F|  |TAMS 0x0000000090900000, 0x0000000090900000| Untracked 
|  98|0x0000000090a00000, 0x0000000090a00000, 0x0000000090b00000|  0%| F|  |TAMS 0x0000000090a00000, 0x0000000090a00000| Untracked 
|  99|0x0000000090b00000, 0x0000000090b00000, 0x0000000090c00000|  0%| F|  |TAMS 0x0000000090b00000, 0x0000000090b00000| Untracked 
| 100|0x0000000090c00000, 0x0000000090c00000, 0x0000000090d00000|  0%| F|  |TAMS 0x0000000090c00000, 0x0000000090c00000| Untracked 
| 101|0x0000000090d00000, 0x0000000090d00000, 0x0000000090e00000|  0%| F|  |TAMS 0x0000000090d00000, 0x0000000090d00000| Untracked 
| 102|0x0000000090e00000, 0x0000000090e00000, 0x0000000090f00000|  0%| F|  |TAMS 0x0000000090e00000, 0x0000000090e00000| Untracked 
| 103|0x0000000090f00000, 0x0000000090f00000, 0x0000000091000000|  0%| F|  |TAMS 0x0000000090f00000, 0x0000000090f00000| Untracked 
| 104|0x0000000091000000, 0x0000000091000000, 0x0000000091100000|  0%| F|  |TAMS 0x0000000091000000, 0x0000000091000000| Untracked 
| 105|0x0000000091100000, 0x0000000091100000, 0x0000000091200000|  0%| F|  |TAMS 0x0000000091100000, 0x0000000091100000| Untracked 
| 106|0x0000000091200000, 0x0000000091200000, 0x0000000091300000|  0%| F|  |TAMS 0x0000000091200000, 0x0000000091200000| Untracked 
| 107|0x0000000091300000, 0x0000000091300000, 0x0000000091400000|  0%| F|  |TAMS 0x0000000091300000, 0x0000000091300000| Untracked 
| 108|0x0000000091400000, 0x0000000091400000, 0x0000000091500000|  0%| F|  |TAMS 0x0000000091400000, 0x0000000091400000| Untracked 
| 109|0x0000000091500000, 0x0000000091581ee8, 0x0000000091600000| 50%| E|  |TAMS 0x0000000091500000, 0x0000000091500000| Complete 
| 110|0x0000000091600000, 0x0000000091700000, 0x0000000091700000|100%| E|CS|TAMS 0x0000000091600000, 0x0000000091600000| Complete 
| 111|0x0000000091700000, 0x0000000091800000, 0x0000000091800000|100%| E|CS|TAMS 0x0000000091700000, 0x0000000091700000| Complete 
| 112|0x0000000091800000, 0x0000000091900000, 0x0000000091900000|100%| E|CS|TAMS 0x0000000091800000, 0x0000000091800000| Complete 
| 113|0x0000000091900000, 0x0000000091a00000, 0x0000000091a00000|100%| E|CS|TAMS 0x0000000091900000, 0x0000000091900000| Complete 
| 114|0x0000000091a00000, 0x0000000091b00000, 0x0000000091b00000|100%| E|CS|TAMS 0x0000000091a00000, 0x0000000091a00000| Complete 
| 115|0x0000000091b00000, 0x0000000091c00000, 0x0000000091c00000|100%| E|CS|TAMS 0x0000000091b00000, 0x0000000091b00000| Complete 
| 116|0x0000000091c00000, 0x0000000091d00000, 0x0000000091d00000|100%| E|CS|TAMS 0x0000000091c00000, 0x0000000091c00000| Complete 
| 117|0x0000000091d00000, 0x0000000091e00000, 0x0000000091e00000|100%| E|CS|TAMS 0x0000000091d00000, 0x0000000091d00000| Complete 

Card table byte_map: [0x0000021924010000,0x00000219243c0000] _byte_map_base: 0x0000021923bbc000

Marking Bits (Prev, Next): (CMBitMap*) 0x000002190ce3a900, (CMBitMap*) 0x000002190ce3a940
 Prev Bits: [0x0000021924770000, 0x00000219264d0000)
 Next Bits: [0x00000219264d0000, 0x0000021928230000)

Polling page: 0x000002190ada0000

Metaspace:

Usage:
  Non-class:     13.34 MB used.
      Class:      1.51 MB used.
       Both:     14.85 MB used.

Virtual space:
  Non-class space:       64.00 MB reserved,      13.44 MB ( 21%) committed,  1 nodes.
      Class space:        1.00 GB reserved,       1.62 MB ( <1%) committed,  1 nodes.
             Both:        1.06 GB reserved,      15.06 MB (  1%) committed. 

Chunk freelists:
   Non-Class:  2.16 MB
       Class:  2.28 MB
        Both:  4.44 MB

MaxMetaspaceSize: unlimited
CompressedClassSpaceSize: 1.00 GB
Initial GC threshold: 21.00 MB
Current GC threshold: 21.00 MB
CDS: on
MetaspaceReclaimPolicy: balanced
 - commit_granule_bytes: 65536.
 - commit_granule_words: 8192.
 - virtual_space_node_default_size: 8388608.
 - enlarge_chunks_in_place: 1.
 - new_chunks_are_fully_committed: 0.
 - uncommit_free_chunks: 1.
 - use_allocation_guard: 0.


Internal statistics:

num_allocs_failed_limit: 0.
num_arena_births: 162.
num_arena_deaths: 0.
num_vsnodes_births: 2.
num_vsnodes_deaths: 0.
num_space_committed: 241.
num_space_uncommitted: 0.
num_chunks_returned_to_freelist: 0.
num_chunks_taken_from_freelist: 489.
num_chunk_merges: 0.
num_chunk_splits: 378.
num_chunks_enlarged: 315.
num_inconsistent_stats: 0.

CodeHeap 'non-profiled nmethods': size=120000Kb used=469Kb max_used=469Kb free=119530Kb
 bounds [0x000002191c1e0000, 0x000002191c450000, 0x0000021923710000]
CodeHeap 'profiled nmethods': size=120000Kb used=2273Kb max_used=2273Kb free=117726Kb
 bounds [0x0000021914cb0000, 0x0000021914f20000, 0x000002191c1e0000]
CodeHeap 'non-nmethods': size=5760Kb used=1501Kb max_used=1519Kb free=4258Kb
 bounds [0x0000021914710000, 0x0000021914980000, 0x0000021914cb0000]
 total_blobs=2089 nmethods=1297 adapters=705
 compilation: enabled
              stopped_count=0, restarted_count=0
 full_count=0

Compilation events (20 events):
Event: 73.881 Thread 0x000002192ae36590 1286       1       java.lang.Thread::getId (5 bytes)
Event: 73.881 Thread 0x000002192ae36590 nmethod 1286 0x000002191c252210 code [0x000002191c2523a0, 0x000002191c252478]
Event: 73.883 Thread 0x000002192ae36590 1288       3       java.util.concurrent.locks.AbstractQueuedSynchronizer::signalNext (34 bytes)
Event: 73.883 Thread 0x000002192ae36590 nmethod 1288 0x0000021914ee6e10 code [0x0000021914ee6fe0, 0x0000021914ee7338]
Event: 73.883 Thread 0x000002192ae36590 1287       1       java.util.concurrent.locks.AbstractOwnableSynchronizer::setExclusiveOwnerThread (6 bytes)
Event: 73.883 Thread 0x000002192ae36590 nmethod 1287 0x000002191c252510 code [0x000002191c2526a0, 0x000002191c2527b8]
Event: 73.883 Thread 0x000002192ae36590 1289       3       java.lang.Math::getExponent (17 bytes)
Event: 73.884 Thread 0x000002192ae36590 nmethod 1289 0x0000021914ee7510 code [0x0000021914ee76a0, 0x0000021914ee77d8]
Event: 73.884 Thread 0x000002192ae33b50 1290       4       java.util.HashMap::getNode (150 bytes)
Event: 73.888 Thread 0x000002192ae33b50 nmethod 1290 0x000002191c252810 code [0x000002191c2529c0, 0x000002191c252e58]
Event: 73.888 Thread 0x000002192ae36590 1291       3       java.lang.invoke.MethodType::erase (8 bytes)
Event: 73.888 Thread 0x000002192ae36590 nmethod 1291 0x0000021914ee7890 code [0x0000021914ee7a20, 0x0000021914ee7b58]
Event: 73.891 Thread 0x000002192ae33b50 1293 % !   4       java.util.concurrent.ConcurrentHashMap::transfer @ 96 (849 bytes)
Event: 73.897 Thread 0x000002192ae36590 1294       3       kotlin.jvm.internal.Lambda::<init> (10 bytes)
Event: 73.897 Thread 0x000002192ae36590 nmethod 1294 0x0000021914ee7c10 code [0x0000021914ee7da0, 0x0000021914ee7f18]
Event: 73.898 Thread 0x000002192ae36590 1295       3       androidx.compose.runtime.ActualJvm_jvmKt::identityHashCode (5 bytes)
Event: 73.899 Thread 0x000002192ae36590 nmethod 1295 0x0000021914ee8010 code [0x0000021914ee81a0, 0x0000021914ee82c8]
Event: 73.907 Thread 0x000002192ae36590 1297       3       jdk.internal.loader.NativeLibraries$NativeLibraryImpl::find (6 bytes)
Event: 73.907 Thread 0x000002192ae36590 nmethod 1297 0x0000021914ee8390 code [0x0000021914ee8520, 0x0000021914ee8668]
Event: 73.909 Thread 0x000002192ae33b50 nmethod 1293% 0x000002191c253890 code [0x000002191c253a40, 0x000002191c254e78]

GC Heap History (4 events):
Event: 0.468 GC heap before
{Heap before GC invocations=0 (full 0):
 garbage-first heap   total 120832K, used 22528K [0x000000008a800000, 0x0000000100000000)
  region size 1024K, 23 young (23552K), 0 survivors (0K)
 Metaspace       used 5592K, committed 5760K, reserved 1114112K
  class space    used 506K, committed 576K, reserved 1048576K
}
Event: 0.471 GC heap after
{Heap after GC invocations=1 (full 0):
 garbage-first heap   total 120832K, used 3490K [0x000000008a800000, 0x0000000100000000)
  region size 1024K, 3 young (3072K), 3 survivors (3072K)
 Metaspace       used 5592K, committed 5760K, reserved 1114112K
  class space    used 506K, committed 576K, reserved 1048576K
}
Event: 1.041 GC heap before
{Heap before GC invocations=1 (full 0):
 garbage-first heap   total 120832K, used 38306K [0x000000008a800000, 0x0000000100000000)
  region size 1024K, 35 young (35840K), 3 survivors (3072K)
 Metaspace       used 14007K, committed 14208K, reserved 1114112K
  class space    used 1410K, committed 1472K, reserved 1048576K
}
Event: 1.044 GC heap after
{Heap after GC invocations=2 (full 0):
 garbage-first heap   total 120832K, used 5044K [0x000000008a800000, 0x0000000100000000)
  region size 1024K, 2 young (2048K), 2 survivors (2048K)
 Metaspace       used 14007K, committed 14208K, reserved 1114112K
  class space    used 1410K, committed 1472K, reserved 1048576K
}

Deoptimization events (20 events):
Event: 1.053 Thread 0x000002192f58baa0 DEOPT PACKING pc=0x000002191c24d540 sp=0x0000002471ffb930
Event: 1.053 Thread 0x000002192f58baa0 DEOPT UNPACKING pc=0x00000219147623a3 sp=0x0000002471ffb8b8 mode 2
Event: 1.053 Thread 0x000002192f58baa0 Uncommon trap: trap_request=0xffffffde fr.pc=0x000002191c24d540 relative=0x0000000000000120
Event: 1.053 Thread 0x000002192f58baa0 Uncommon trap: reason=class_check action=maybe_recompile pc=0x000002191c24d540 method=jdk.internal.misc.Unsafe.allocateUninitializedArray(Ljava/lang/Class;I)Ljava/lang/Object; @ 51 c2
Event: 1.053 Thread 0x000002192f58baa0 DEOPT PACKING pc=0x000002191c24d540 sp=0x0000002471ffb2a0
Event: 1.053 Thread 0x000002192f58baa0 DEOPT UNPACKING pc=0x00000219147623a3 sp=0x0000002471ffb228 mode 2
Event: 1.053 Thread 0x000002192f58baa0 Uncommon trap: trap_request=0xffffffde fr.pc=0x000002191c24d540 relative=0x0000000000000120
Event: 1.053 Thread 0x000002192f58baa0 Uncommon trap: reason=class_check action=maybe_recompile pc=0x000002191c24d540 method=jdk.internal.misc.Unsafe.allocateUninitializedArray(Ljava/lang/Class;I)Ljava/lang/Object; @ 51 c2
Event: 1.053 Thread 0x000002192f58baa0 DEOPT PACKING pc=0x000002191c24d540 sp=0x0000002471ffb460
Event: 1.053 Thread 0x000002192f58baa0 DEOPT UNPACKING pc=0x00000219147623a3 sp=0x0000002471ffb3e8 mode 2
Event: 1.054 Thread 0x000002192f58baa0 Uncommon trap: trap_request=0xffffffde fr.pc=0x000002191c24d540 relative=0x0000000000000120
Event: 1.054 Thread 0x000002192f58baa0 Uncommon trap: reason=class_check action=maybe_recompile pc=0x000002191c24d540 method=jdk.internal.misc.Unsafe.allocateUninitializedArray(Ljava/lang/Class;I)Ljava/lang/Object; @ 51 c2
Event: 1.054 Thread 0x000002192f58baa0 DEOPT PACKING pc=0x000002191c24d540 sp=0x0000002471ffb4f0
Event: 1.054 Thread 0x000002192f58baa0 DEOPT UNPACKING pc=0x00000219147623a3 sp=0x0000002471ffb478 mode 2
Event: 1.061 Thread 0x000002192f58baa0 Uncommon trap: trap_request=0xffffff45 fr.pc=0x000002191c22e198 relative=0x0000000000000e78
Event: 1.061 Thread 0x000002192f58baa0 Uncommon trap: reason=unstable_if action=reinterpret pc=0x000002191c22e198 method=java.util.concurrent.ConcurrentHashMap.putVal(Ljava/lang/Object;Ljava/lang/Object;Z)Ljava/lang/Object; @ 148 c2
Event: 1.061 Thread 0x000002192f58baa0 DEOPT PACKING pc=0x000002191c22e198 sp=0x0000002471ffa5e0
Event: 1.061 Thread 0x000002192f58baa0 DEOPT UNPACKING pc=0x00000219147623a3 sp=0x0000002471ffa570 mode 2
Event: 2.255 Thread 0x000002192f58baa0 DEOPT PACKING pc=0x0000021914eb0786 sp=0x0000002471ff94d0
Event: 2.255 Thread 0x000002192f58baa0 DEOPT UNPACKING pc=0x0000021914762b43 sp=0x0000002471ff8940 mode 0

Classes loaded (20 events):
Event: 73.907 Loading class androidx/compose/ui/node/NodeCoordinator$invoke$1
Event: 73.907 Loading class androidx/compose/ui/node/NodeCoordinator$invoke$1 done
Event: 73.908 Loading class org/jetbrains/skia/Picture
Event: 73.908 Loading class org/jetbrains/skia/Picture done
Event: 73.908 Loading class org/jetbrains/skia/Picture$Companion
Event: 73.908 Loading class org/jetbrains/skia/Picture$Companion done
Event: 73.908 Loading class org/jetbrains/skiko/PictureHolder
Event: 73.908 Loading class org/jetbrains/skiko/PictureHolder done
Event: 73.909 Loading class org/jetbrains/skia/DirectContext
Event: 73.909 Loading class org/jetbrains/skia/DirectContext done
Event: 73.909 Loading class org/jetbrains/skia/DirectContext$Companion
Event: 73.909 Loading class org/jetbrains/skia/DirectContext$Companion done
Event: 73.913 Loading class org/jetbrains/skia/SurfaceProps
Event: 73.913 Loading class org/jetbrains/skia/SurfaceProps done
Event: 73.914 Loading class org/jetbrains/skia/DirectContextKt
Event: 73.914 Loading class org/jetbrains/skia/DirectContextKt done
Event: 73.916 Loading class org/jetbrains/skiko/RenderExceptionsHandler
Event: 73.916 Loading class org/jetbrains/skiko/RenderExceptionsHandler done
Event: 73.916 Loading class org/jetbrains/skiko/RenderExceptionsHandler$Companion
Event: 73.916 Loading class org/jetbrains/skiko/RenderExceptionsHandler$Companion done

Classes unloaded (0 events):
No events

Classes redefined (0 events):
No events

Internal exceptions (20 events):
Event: 0.388 Thread 0x000002192f58baa0 Exception <a 'java/lang/NoSuchMethodError'{0x0000000090c84958}: 'int java.lang.invoke.Invokers$Holder.invokeExact_MT(java.lang.Object, java.lang.Object, java.lang.Object)'> (0x0000000090c84958) 
thrown [s\open\src\hotspot\share\interpreter\linkResolver.cpp, line 759]
Event: 0.664 Thread 0x000002192f58baa0 Exception <a 'java/lang/NoSuchMethodError'{0x0000000091473510}: 'void java.lang.invoke.DirectMethodHandle$Holder.invokeSpecial(java.lang.Object, java.lang.Object, java.lang.Object)'> (0x0000000091473510) 
thrown [s\open\src\hotspot\share\interpreter\linkResolver.cpp, line 759]
Event: 0.673 Thread 0x000002192f58baa0 Exception <a 'java/lang/NoSuchMethodError'{0x00000000914eb798}: 'java.lang.Object java.lang.invoke.DirectMethodHandle$Holder.newInvokeSpecial(java.lang.Object, java.lang.Object, java.lang.Object, java.lang.Object, java.lang.Object)'> (0x00000000914eb798) 
thrown [s\open\src\hotspot\share\interpreter\linkResolver.cpp, line 759]
Event: 0.679 Thread 0x000002192f58baa0 Exception <a 'java/lang/NoSuchMethodError'{0x000000009131e880}: 'java.lang.Object java.lang.invoke.DirectMethodHandle$Holder.invokeStatic(java.lang.Object, int, java.lang.Object)'> (0x000000009131e880) 
thrown [s\open\src\hotspot\share\interpreter\linkResolver.cpp, line 759]
Event: 0.699 Thread 0x000002192f58baa0 Exception <a 'java/lang/ClassNotFoundException'{0x00000000913fde98}: com/sun/swing/internal/plaf/metal/resources/spi/metalProvider> (0x00000000913fde98) 
thrown [s\open\src\hotspot\share\classfile\systemDictionary.cpp, line 255]
Event: 0.700 Thread 0x000002192f58baa0 Exception <a 'java/lang/ClassNotFoundException'{0x0000000091207ad0}: com/sun/swing/internal/plaf/basic/resources/spi/basicProvider> (0x0000000091207ad0) 
thrown [s\open\src\hotspot\share\classfile\systemDictionary.cpp, line 255]
Event: 0.705 Thread 0x000002192f58baa0 Implicit null exception at 0x000002191c2173d8 to 0x000002191c21746e
Event: 0.707 Thread 0x000002192f58baa0 Exception <a 'java/lang/NoSuchMethodError'{0x000000009125bd78}: 'int java.lang.invoke.Invokers$Holder.invokeExact_MT(java.lang.Object, java.lang.Object)'> (0x000000009125bd78) 
thrown [s\open\src\hotspot\share\interpreter\linkResolver.cpp, line 759]
Event: 0.708 Thread 0x000002192f58baa0 Implicit null exception at 0x000002191c236e90 to 0x000002191c237184
Event: 0.708 Thread 0x000002192f58baa0 Implicit null exception at 0x000002191c208892 to 0x000002191c208ba4
Event: 0.802 Thread 0x000002192f55e000 Exception <a 'java/lang/NoSuchMethodError'{0x000000009189ab40}: 'void java.lang.invoke.DirectMethodHandle$Holder.invokeVirtual(java.lang.Object, java.lang.Object)'> (0x000000009189ab40) 
thrown [s\open\src\hotspot\share\interpreter\linkResolver.cpp, line 759]
Event: 0.814 Thread 0x000002192f58baa0 Exception <a 'java/lang/NoSuchMethodError'{0x000000009094dcb8}: 'void java.lang.invoke.DirectMethodHandle$Holder.invokeStaticInit(java.lang.Object)'> (0x000000009094dcb8) 
thrown [s\open\src\hotspot\share\interpreter\linkResolver.cpp, line 759]
Event: 0.971 Thread 0x000002192f58baa0 Exception <a 'java/lang/NoSuchMethodError'{0x0000000090144e30}: 'int java.lang.invoke.DirectMethodHandle$Holder.invokeStaticInit(java.lang.Object, java.lang.Object, java.lang.Object)'> (0x0000000090144e30) 
thrown [s\open\src\hotspot\share\interpreter\linkResolver.cpp, line 759]
Event: 0.984 Thread 0x000002192f58baa0 Exception <a 'java/lang/NoSuchMethodError'{0x00000000900c49f8}: 'double java.lang.invoke.DirectMethodHandle$Holder.invokeStatic(java.lang.Object, double)'> (0x00000000900c49f8) 
thrown [s\open\src\hotspot\share\interpreter\linkResolver.cpp, line 759]
Event: 0.984 Thread 0x000002192f58baa0 Exception <a 'java/lang/NoSuchMethodError'{0x00000000900c86a8}: 'double java.lang.invoke.DirectMethodHandle$Holder.invokeStaticInit(java.lang.Object, double)'> (0x00000000900c86a8) 
thrown [s\open\src\hotspot\share\interpreter\linkResolver.cpp, line 759]
Event: 0.989 Thread 0x000002192f58baa0 Exception <a 'java/lang/NoSuchMethodError'{0x000000008ff127d8}: 'java.lang.Object java.lang.invoke.DirectMethodHandle$Holder.newInvokeSpecial(java.lang.Object, double)'> (0x000000008ff127d8) 
thrown [s\open\src\hotspot\share\interpreter\linkResolver.cpp, line 759]
Event: 1.889 Thread 0x000002192f58baa0 Exception <a 'java/lang/NullPointerException'{0x0000000091b78f48}> (0x0000000091b78f48) 
thrown [s\open\src\hotspot\share\interpreter\linkResolver.cpp, line 1433]
Event: 26.400 Thread 0x000002192f58baa0 Exception <a 'java/lang/NullPointerException'{0x0000000091aad2a8}> (0x0000000091aad2a8) 
thrown [s\open\src\hotspot\share\interpreter\linkResolver.cpp, line 1433]
Event: 29.086 Thread 0x000002192f58baa0 Exception <a 'java/lang/NullPointerException'{0x0000000091abe510}> (0x0000000091abe510) 
thrown [s\open\src\hotspot\share\interpreter\linkResolver.cpp, line 1433]
Event: 73.916 Thread 0x000002192f58baa0 Exception <a 'java/lang/NoSuchMethodError'{0x000000009152c618}: static Lorg/jetbrains/skiko/RenderExceptionsHandler;.throwException(Ljava/lang/String;)V> (0x000000009152c618) 
thrown [s\open\src\hotspot\share\prims\jni.cpp, line 1104]

VM Operations (20 events):
Event: 29.025 Executing VM operation: get/set locals
Event: 29.026 Executing VM operation: get/set locals done
Event: 29.026 Executing VM operation: get/set locals
Event: 29.026 Executing VM operation: get/set locals done
Event: 29.026 Executing VM operation: get/set locals
Event: 29.026 Executing VM operation: get/set locals done
Event: 29.027 Executing VM operation: get/set locals
Event: 29.027 Executing VM operation: get/set locals done
Event: 33.545 Executing VM operation: get/set locals
Event: 33.546 Executing VM operation: get/set locals done
Event: 73.859 Executing VM operation: ChangeBreakpoints
Event: 73.859 Executing VM operation: ChangeBreakpoints done
Event: 73.859 Executing VM operation: ChangeBreakpoints
Event: 73.859 Executing VM operation: ChangeBreakpoints done
Event: 73.859 Executing VM operation: ChangeBreakpoints
Event: 73.859 Executing VM operation: ChangeBreakpoints done
Event: 73.860 Executing VM operation: ChangeBreakpoints
Event: 73.860 Executing VM operation: ChangeBreakpoints done
Event: 73.860 Executing VM operation: ChangeBreakpoints
Event: 73.860 Executing VM operation: ChangeBreakpoints done

Events (20 events):
Event: 0.323 Thread 0x000002192f55e000 Thread added: 0x000002192f55e000
Event: 0.365 Thread 0x000002192f58baa0 Thread added: 0x000002192f58baa0
Event: 0.723 Loaded shared library C:\Users\Lev Grekov\.skiko\0de0d8dd8554d9bb66cfca3837db6514ff9b71080e998917280a3b777460a416\skiko-windows-x64.dll
Event: 0.728 Thread 0x00000219306501c0 Thread added: 0x00000219306501c0
Event: 0.729 Thread 0x0000021930299610 Thread added: 0x0000021930299610
Event: 0.729 Thread 0x0000021930571710 Thread added: 0x0000021930571710
Event: 0.732 Thread 0x0000021930572a50 Thread added: 0x0000021930572a50
Event: 0.733 Thread 0x00000219305720b0 Thread added: 0x00000219305720b0
Event: 0.817 Loaded shared library D:\Java\jdk-18.0.2.1\bin\freetype.dll
Event: 0.817 Loaded shared library D:\Java\jdk-18.0.2.1\bin\fontmanager.dll
Event: 0.960 Thread 0x000002192f24efa0 Thread exited: 0x000002192f24efa0
Event: 73.859 Thread 0x000002192f11e830 Thread exited: 0x000002192f11e830
Event: 73.861 Thread 0x000002192f0e8f50 Thread exited: 0x000002192f0e8f50
Event: 73.884 Thread 0x00000219305708a0 Thread added: 0x00000219305708a0
Event: 73.900 Thread 0x000002193056f560 Thread added: 0x000002193056f560
Event: 73.900 Thread 0x000002193056fa30 Thread added: 0x000002193056fa30
Event: 73.900 Thread 0x0000021930571240 Thread added: 0x0000021930571240
Event: 73.901 Thread 0x0000021930571240 Thread exited: 0x0000021930571240
Event: 73.907 Thread 0x00000219305708a0 Thread exited: 0x00000219305708a0
Event: 73.908 Thread 0x000002192f55e000 Thread exited: 0x000002192f55e000


Dynamic libraries:
0x00007ff6c09a0000 - 0x00007ff6c09b0000 	D:\Java\jdk-18.0.2.1\bin\java.exe
0x00007ffc18db0000 - 0x00007ffc18fa8000 	C:\WINDOWS\SYSTEM32\ntdll.dll
0x00007ffc180d0000 - 0x00007ffc1818f000 	C:\WINDOWS\System32\KERNEL32.DLL
0x00007ffc168c0000 - 0x00007ffc16bb6000 	C:\WINDOWS\System32\KERNELBASE.dll
0x00007ffc16bc0000 - 0x00007ffc16cc0000 	C:\WINDOWS\System32\ucrtbase.dll
0x00007ffc0f0d0000 - 0x00007ffc0f0ea000 	D:\Java\jdk-18.0.2.1\bin\VCRUNTIME140.dll
0x00007ffc0f100000 - 0x00007ffc0f118000 	D:\Java\jdk-18.0.2.1\bin\jli.dll
0x00007ffc17700000 - 0x00007ffc177af000 	C:\WINDOWS\System32\ADVAPI32.dll
0x00007ffc17280000 - 0x00007ffc1731e000 	C:\WINDOWS\System32\msvcrt.dll
0x00007ffc177b0000 - 0x00007ffc1784c000 	C:\WINDOWS\System32\sechost.dll
0x00007ffc175d0000 - 0x00007ffc176f6000 	C:\WINDOWS\System32\RPCRT4.dll
0x00007ffc17320000 - 0x00007ffc174bd000 	C:\WINDOWS\System32\USER32.dll
0x00007ffc16490000 - 0x00007ffc164b2000 	C:\WINDOWS\System32\win32u.dll
0x00007ffc17d30000 - 0x00007ffc17d5c000 	C:\WINDOWS\System32\GDI32.dll
0x00007ffc164c0000 - 0x00007ffc165d5000 	C:\WINDOWS\System32\gdi32full.dll
0x00007ffc04150000 - 0x00007ffc043ea000 	C:\WINDOWS\WinSxS\amd64_microsoft.windows.common-controls_6595b64144ccf1df_6.0.19041.1110_none_60b5254171f9507e\COMCTL32.dll
0x00007ffc166c0000 - 0x00007ffc1675d000 	C:\WINDOWS\System32\msvcp_win.dll
0x00007ffc0cb20000 - 0x00007ffc0cb2a000 	C:\WINDOWS\SYSTEM32\VERSION.dll
0x00007ffc183e0000 - 0x00007ffc18410000 	C:\WINDOWS\System32\IMM32.DLL
0x00007ffc110d0000 - 0x00007ffc110dc000 	D:\Java\jdk-18.0.2.1\bin\vcruntime140_1.dll
0x00007ffc0ee10000 - 0x00007ffc0ee9d000 	D:\Java\jdk-18.0.2.1\bin\msvcp140.dll
0x00007ffbc5860000 - 0x00007ffbc6471000 	D:\Java\jdk-18.0.2.1\bin\server\jvm.dll
0x00007ffc18410000 - 0x00007ffc18418000 	C:\WINDOWS\System32\PSAPI.DLL
0x00007ffc0ca50000 - 0x00007ffc0ca77000 	C:\WINDOWS\SYSTEM32\WINMM.dll
0x00007ffc12500000 - 0x00007ffc12509000 	C:\WINDOWS\SYSTEM32\WSOCK32.dll
0x00007ffc17f20000 - 0x00007ffc17f8b000 	C:\WINDOWS\System32\WS2_32.dll
0x00007ffc147e0000 - 0x00007ffc147f2000 	C:\WINDOWS\SYSTEM32\kernel.appcore.dll
0x00007ffc11070000 - 0x00007ffc1107a000 	D:\Java\jdk-18.0.2.1\bin\jimage.dll
0x00007ffc13c90000 - 0x00007ffc13e74000 	C:\WINDOWS\SYSTEM32\DBGHELP.DLL
0x00007ffbfc200000 - 0x00007ffbfc234000 	C:\WINDOWS\SYSTEM32\dbgcore.DLL
0x00007ffc165e0000 - 0x00007ffc16662000 	C:\WINDOWS\System32\bcryptPrimitives.dll
0x00007ffbf1e60000 - 0x00007ffbf1e9b000 	D:\Java\jdk-18.0.2.1\bin\jdwp.dll
0x00007ffc11080000 - 0x00007ffc1108e000 	D:\Java\jdk-18.0.2.1\bin\instrument.dll
0x00007ffbf1d80000 - 0x00007ffbf1da5000 	D:\Java\jdk-18.0.2.1\bin\java.dll
0x00007ffc0e1f0000 - 0x00007ffc0e208000 	D:\Java\jdk-18.0.2.1\bin\zip.dll
0x00007ffbde4e0000 - 0x00007ffbde5b6000 	D:\Java\jdk-18.0.2.1\bin\jsvml.dll
0x00007ffc185b0000 - 0x00007ffc18cf4000 	C:\WINDOWS\System32\SHELL32.dll
0x00007ffc14030000 - 0x00007ffc147c3000 	C:\WINDOWS\SYSTEM32\windows.storage.dll
0x00007ffc178b0000 - 0x00007ffc17c04000 	C:\WINDOWS\System32\combase.dll
0x00007ffc15eb0000 - 0x00007ffc15ede000 	C:\WINDOWS\SYSTEM32\Wldp.dll
0x00007ffc18500000 - 0x00007ffc185ad000 	C:\WINDOWS\System32\SHCORE.dll
0x00007ffc17850000 - 0x00007ffc178a5000 	C:\WINDOWS\System32\shlwapi.dll
0x00007ffc163d0000 - 0x00007ffc163ef000 	C:\WINDOWS\SYSTEM32\profapi.dll
0x00007ffc07b10000 - 0x00007ffc07b1c000 	D:\Java\jdk-18.0.2.1\bin\dt_socket.dll
0x00007ffc15860000 - 0x00007ffc1589c000 	C:\WINDOWS\SYSTEM32\IPHLPAPI.DLL
0x00007ffc15b70000 - 0x00007ffc15bda000 	C:\WINDOWS\system32\mswsock.dll
0x00007ffc0f0b0000 - 0x00007ffc0f0c3000 	D:\Java\jdk-18.0.2.1\bin\net.dll
0x00007ffc10430000 - 0x00007ffc1053a000 	C:\WINDOWS\SYSTEM32\WINHTTP.dll
0x00007ffc0e420000 - 0x00007ffc0e436000 	D:\Java\jdk-18.0.2.1\bin\nio.dll
0x00007ffbd8530000 - 0x00007ffbd86bf000 	D:\Java\jdk-18.0.2.1\bin\awt.dll
0x00007ffc17d60000 - 0x00007ffc17e2d000 	C:\WINDOWS\System32\OLEAUT32.dll
0x00007ffc12eb0000 - 0x00007ffc12f41000 	C:\WINDOWS\SYSTEM32\apphelp.dll
0x00007ffc13020000 - 0x00007ffc130be000 	C:\WINDOWS\system32\uxtheme.dll
0x00007ffbd4f50000 - 0x00007ffbd5089000 	C:\ProgramData\A-Volute\A-Volute.Nahimic\Modules\Scheduled\x64\AudioDevProps2.dll
0x00007ffc17f90000 - 0x00007ffc180ba000 	C:\WINDOWS\System32\ole32.dll
0x00007ffc17c10000 - 0x00007ffc17d24000 	C:\WINDOWS\System32\MSCTF.dll
0x00007ffc13770000 - 0x00007ffc1379f000 	C:\WINDOWS\system32\DWMAPI.DLL
0x00007ffbc3610000 - 0x00007ffbc3735000 	C:\WINDOWS\system32\opengl32.dll
0x00007ffbd5600000 - 0x00007ffbd562c000 	C:\WINDOWS\SYSTEM32\GLU32.dll
0x00007ffc16de0000 - 0x00007ffc16e07000 	C:\WINDOWS\System32\bcrypt.dll
0x00007ffc0b4c0000 - 0x00007ffc0b4ef000 	C:\WINDOWS\SYSTEM32\amdihk64.dll
0x00007ffc0ce60000 - 0x00007ffc0ce9b000 	C:\WINDOWS\SYSTEM32\dxcore.dll
0x00007ffc16670000 - 0x00007ffc166be000 	C:\WINDOWS\System32\cfgmgr32.dll
0x00007ffbc4810000 - 0x00007ffbc585c000 	C:\Users\Lev Grekov\.skiko\0de0d8dd8554d9bb66cfca3837db6514ff9b71080e998917280a3b777460a416\skiko-windows-x64.dll
0x00007ffbd8c30000 - 0x00007ffbd8cb6000 	D:\Java\jdk-18.0.2.1\bin\freetype.dll
0x00007ffbd7860000 - 0x00007ffbd7908000 	D:\Java\jdk-18.0.2.1\bin\fontmanager.dll
0x00007ffc07b00000 - 0x00007ffc07b07000 	D:\Java\jdk-18.0.2.1\bin\jawt.dll
0x00007ffc14850000 - 0x00007ffc14943000 	C:\WINDOWS\SYSTEM32\Dxgi.dll
0x00007ffbfa980000 - 0x00007ffbfa9a0000 	C:\WINDOWS\SYSTEM32\D3D12.dll
0x00007ffbd0930000 - 0x00007ffbd0afd000 	C:\WINDOWS\SYSTEM32\D3D12Core.dll
0x00007ffb96740000 - 0x00007ffb98f3e000 	C:\WINDOWS\System32\DriverStore\FileRepository\u0366790.inf_amd64_d775d276ecdcc11d\B366405\amdxc64.dll
0x00007ffc08b90000 - 0x00007ffc08bbb000 	C:\WINDOWS\SYSTEM32\D3DSCache.dll
0x00007ffc16350000 - 0x00007ffc1637e000 	C:\WINDOWS\SYSTEM32\USERENV.dll
0x00007ffc0f8d0000 - 0x00007ffc0fad7000 	C:\WINDOWS\SYSTEM32\twinapi.appcore.dll
0x00007ffc07380000 - 0x00007ffc075ff000 	C:\WINDOWS\SYSTEM32\dwrite.dll

dbghelp: loaded successfully - version: 4.0.5 - missing functions: none
symbol engine: initialized successfully - sym options: 0x614 - pdb path: .;D:\Java\jdk-18.0.2.1\bin;C:\WINDOWS\SYSTEM32;C:\WINDOWS\WinSxS\amd64_microsoft.windows.common-controls_6595b64144ccf1df_6.0.19041.1110_none_60b5254171f9507e;D:\Java\jdk-18.0.2.1\bin\server;C:\ProgramData\A-Volute\A-Volute.Nahimic\Modules\Scheduled\x64;C:\WINDOWS\System32\DriverStore\FileRepository\u0366790.inf_amd64_d775d276ecdcc11d\B366405;C:\Users\Lev Grekov\.skiko\0de0d8dd8554d9bb66cfca3837db6514ff9b71080e998917280a3b777460a416

VM Arguments:
jvm_args: -agentlib:jdwp=transport=dt_socket,address=127.0.0.1:59005,suspend=y,server=n -javaagent:C:/Users/Lev Grekov/.gradle/caches/modules-2/files-2.1/org.jetbrains.kotlinx/kotlinx-coroutines-core-jvm/1.6.4/2c997cd1c0ef33f3e751d3831929aeff1390cb30/kotlinx-coroutines-core-jvm-1.6.4.jar -javaagent:C:\Users\LEVGRE~1\AppData\Local\Temp\captureAgent6579jars\debugger-agent.jar=file:/C:/Users/LEVGRE~1/AppData/Local/Temp/capture.props -Dfile.encoding=UTF-8 -Dsun.stdout.encoding=UTF-8 -Dsun.stderr.encoding=UTF-8 
java_command: MainKt
java_class_path (initial): D:\KotlinProjects\SplineInterpolation\build\classes\kotlin\main;C:\Users\Lev Grekov\.gradle\caches\modules-2\files-2.1\org.jetbrains.kotlin\kotlin-stdlib-jdk8\1.8.20\73576ddf378c5b4f1f6b449fe6b119b8183fc078\kotlin-stdlib-jdk8-1.8.20.jar;C:\Users\Lev Grekov\.gradle\caches\modules-2\files-2.1\org.jetbrains.kotlin\kotlin-stdlib-jdk7\1.8.20\3aa51faf20aae8b31e1a4bc54f8370673d7b7df4\kotlin-stdlib-jdk7-1.8.20.jar;C:\Users\Lev Grekov\.gradle\caches\modules-2\files-2.1\org.jetbrains.kotlin\kotlin-stdlib\1.8.20\e72fc5e03ec6c064c678a6bd0d955c88d55b0c4a\kotlin-stdlib-1.8.20.jar;C:\Users\Lev Grekov\.gradle\caches\modules-2\files-2.1\org.jetbrains.compose.desktop\desktop-jvm\1.4.1\922ebea5ab9e202ee66ab4f4f567a74184eddbc1\desktop-jvm-1.4.1.jar;C:\Users\Lev Grekov\.gradle\caches\modules-2\files-2.1\org.jetbrains.kotlin\kotlin-stdlib-common\1.8.20\5eddaaf234c8c49d03eebeb6a14feb7f90faca71\kotlin-stdlib-common-1.8.20.jar;C:\Users\Lev Grekov\.gradle\caches\modules-2\files-2.1\org.jetbrains\annotations\13.0\919f0dfe192fb4e063e7dacadee7f8bb9a2672a9\annotations-13.0.jar;C:\Users\Lev Grekov\.gradle\caches\modules-2\files-2.1\org.jetbrains.compose.material\material-desktop\1.4.1\f478f814ee2fb95aba5a206e48c33b912cc66ff1\material-desktop-1.4.1.jar;C:\Users\Lev Grekov\.gradle\caches\modules-2\files-2.1\org.jetbrains.compose.foundation\foundation-desktop\1.4.1\3af50bcd26973491ed32b251d234fae55c0b3c97\foundation-desktop-1.4.1.jar;C:\Users\Lev Grekov\.gradle\caches\modules-2\files-2.1\org.jetbrains.compose.ui\ui-desktop\1.4.1\5005c7404c035c267cac2ec8b9dd08ca65766a04\ui-desktop-1.4.1.jar;C:\Users\Lev Grekov\.gradle\caches\modules-2\files-2.1\org.jetbrains.compose.ui\ui-tooling-preview-desktop\1.4.1\16e8e3a0dd0d52b5e4877a54bc345668ba23428d\ui-tooling-preview-desktop-1.4.1.jar;C:\Users\Lev Grekov\.gradle\caches\modules-2\files-2.1\org.jetbrains.compose.runtime\runtime-desktop\1.4.1\b268d41542ceb3c8d5d101222c14330874c5d8e6\runtime-desktop-1.4.1.jar;C:\Users\Lev Grekov\.gradle\caches\modules-2\files-2.1\org.jetbrains.compose.material\material-ripple-desktop\1.4.1\4c42972aefc0908954af022d213e4c6d00daf288\material-ripple-desktop-1.4.1.jar;C:\Users\Lev Grekov\.gradle\caches\modules-2\files-2.1\org.jetbrains.compose.material\material-icons-core-desktop\1.4.1\26323c8bdd56b7587adb49ccde9b54f6c6d4f66c\material-icons-core-desktop-1.4.1.jar;C:\Users\Lev Grekov\.gradle\caches\modules-2\files-2.1\org.jetbrains.compose.ui\ui-text-desktop\1.4.1\d8c913f93cf15ebd065996473e228c5353b0d94d\ui-text-desktop-1.4.1.jar;C:\Users\Lev Grekov\.gradle\caches\modules-2\files-2.1\org.jetbrains.compose.animation\animation-core-desktop\1.4.1\44c90efd68332262293d06a2c07585cc7b9fa8b5\animation-core-desktop-1.4.1.jar;C:\Users\Lev Grekov\.gradle\caches\modules-2\files-2.1\org.jetbrains.compose.animation\animation-desktop\1.4.1\1155347d9aa6281e0805cb5b9707ed7e89e345b1\animation-desktop-1.4.1.jar;C:\Users\Lev Grekov\.gradle\caches\modules-2\files-2.1\org.jetbrains.skiko\skiko-awt\0.7.63\4da1aa9929b9cc7d10295db9d71aec62c34c7842\skiko-awt-0.7.63.jar;C:\Users\Lev Grekov\.gradle\caches\modules-2\files-2.1\org.jetbrains.compose.ui\ui-graphics-desktop\1.4.1\3b05e5c92bb6a4e92266359905c7e0866fdcc3ea\ui-graphics-desktop-1.4.1.jar;C:\Users\Lev Grekov\.gradle\caches\modules-2\files-2.1\org.jetbrains.compose.runtime\runtime-saveable-desktop\1.4.1\2bb14fd8fe4ab551a04330a4431187de2ecb1c2a\runtime-saveable-desktop-1.4.1.jar;C:\Users\Lev Grekov\.gradle\caches\modules-2\files-2.1\org.jetbrains.compose.ui\ui-unit-desktop\1.4.1\ce79e803d4f0b33631c958f64ff36a7010580d16\ui-unit-desktop-1.4.1.jar;C:\Users\Lev Grekov\.gradle\caches\modules-2\files-2.1\org.jetbrains.compose.ui\ui-geometry-desktop\1.4.1\81ea1ab414ba9926972708e9f4ca7ac499cd9137\ui-geometry-desktop-1.4.1.jar;C:\Users\Lev Grekov\.gradle\caches\modules-2\files-2.1\org.jetbrains.kotlinx\kotlinx-coroutines-core-jvm\1.6.4\2c997cd1c0ef33f3e751d3831929aeff1390cb30\kotlinx-coroutines-core-jvm-1.6.4.jar;C:\Users\Lev Grekov\.gradle\caches\modules-2\files-2.1\org.jetbrains.compose.foundation\foundation-layout-desktop\1.4.1\24afb95a5aa95d3fd0b7379ad7555931ce739f0c\foundation-layout-desktop-1.4.1.jar;C:\Users\Lev Grekov\.gradle\caches\modules-2\files-2.1\org.jetbrains.skiko\skiko-awt-runtime-windows-x64\0.7.63\a1e930529804f43fff759466a08acdafcc8909a1\skiko-awt-runtime-windows-x64-0.7.63.jar;C:\Users\Lev Grekov\.gradle\caches\modules-2\files-2.1\org.jetbrains.compose.ui\ui-util-desktop\1.4.1\3c3db20f77732f5874778c90cb589aba74ca81f3\ui-util-desktop-1.4.1.jar;C:\Users\Lev Grekov\.gradle\caches\modules-2\files-2.1\org.jetbrains.kotlinx\atomicfu-jvm\0.17.0\d3d2e380b6ee28231118101d09ae6dd06a1db1cb\atomicfu-jvm-0.17.0.jar;D:\IntelliJ IDEA 2023.2.1\lib\idea_rt.jar
Launcher Type: SUN_STANDARD

[Global flags]
     intx CICompilerCount                          = 4                                         {product} {ergonomic}
     uint ConcGCThreads                            = 3                                         {product} {ergonomic}
     uint G1ConcRefinementThreads                  = 10                                        {product} {ergonomic}
   size_t G1HeapRegionSize                         = 1048576                                   {product} {ergonomic}
    uintx GCDrainStackTargetSize                   = 64                                        {product} {ergonomic}
   size_t InitialHeapSize                          = 123731968                                 {product} {ergonomic}
   size_t MarkStackSize                            = 4194304                                   {product} {ergonomic}
   size_t MaxHeapSize                              = 1971322880                                {product} {ergonomic}
   size_t MaxNewSize                               = 1182793728                                {product} {ergonomic}
   size_t MinHeapDeltaBytes                        = 1048576                                   {product} {ergonomic}
   size_t MinHeapSize                              = 8388608                                   {product} {ergonomic}
    uintx NonNMethodCodeHeapSize                   = 5839372                                {pd product} {ergonomic}
    uintx NonProfiledCodeHeapSize                  = 122909434                              {pd product} {ergonomic}
    uintx ProfiledCodeHeapSize                     = 122909434                              {pd product} {ergonomic}
    uintx ReservedCodeCacheSize                    = 251658240                              {pd product} {ergonomic}
     bool SegmentedCodeCache                       = true                                      {product} {ergonomic}
   size_t SoftMaxHeapSize                          = 1971322880                             {manageable} {ergonomic}
     bool UseCompressedClassPointers               = true                           {product lp64_product} {ergonomic}
     bool UseCompressedOops                        = true                           {product lp64_product} {ergonomic}
     bool UseG1GC                                  = true                                      {product} {ergonomic}
     bool UseLargePagesIndividualAllocation        = false                                  {pd product} {ergonomic}

Logging:
Log output configuration:
 #0: stdout all=warning uptime,level,tags foldmultilines=false
 #1: stderr all=off uptime,level,tags foldmultilines=false

Environment Variables:
PATH=D:\python-3.11.6\Scripts\;D:\python-3.11.6\;C:\Program Files\Microsoft\jdk-11.0.16.101-hotspot\bin;C:\Program Files\Common Files\Oracle\Java\javapath;C:\Program Files (x86)\Common Files\Oracle\Java\javapath;C:\WINDOWS\system32;C:\WINDOWS;C:\WINDOWS\System32\Wbem;C:\WINDOWS\System32\WindowsPowerShell\v1.0\;C:\WINDOWS\System32\OpenSSH\;C:\Program Files\WireGuard\;C:\Program Files\Git\cmd;C:\Program Files\Microsoft SQL Server\150\Tools\Binn\;C:\Program Files\Microsoft SQL Server\Client SDK\ODBC\170\Tools\Binn\;C:\Program Files\dotnet\;C:\Users\Lev Grekov\AppData\Local\Microsoft\WindowsApps;D:\Git;C:\Users\Lev Grekov\.dotnet\tools;D:\pycharm\PyCharm Community Edition 2023.2.4\bin;
USERNAME=Lev Grekov
OS=Windows_NT
PROCESSOR_IDENTIFIER=AMD64 Family 23 Model 104 Stepping 1, AuthenticAMD



---------------  S Y S T E M  ---------------

OS:
 Windows 10 , 64 bit Build 19041 (10.0.19041.3031)
OS uptime: 3 days 11:14 hours

CPU: total 12 (initial active 12) (12 cores per cpu, 2 threads per core) family 23 model 104 stepping 1 microcode 0x0, cx8, cmov, fxsr, ht, mmx, 3dnowpref, sse, sse2, sse3, ssse3, sse4a, sse4.1, sse4.2, popcnt, lzcnt, tsc, tscinvbit, avx, avx2, aes, clmul, bmi1, bmi2, adx, sha, fma, vzeroupper, clflush, clflushopt

Memory: 4k page, system-wide physical 7514M (1133M free)
TotalPageFile size 21504M (AvailPageFile size 6684M)
current process WorkingSet (physical memory assigned to process): 150M, peak: 159M
current process commit charge ("private bytes"): 273M, peak: 286M

vm_info: Java HotSpot(TM) 64-Bit Server VM (18.0.2.1+1-1) for windows-amd64 JRE (18.0.2.1+1-1), built on Aug 16 2022 01:46:33 by "mach5one" with MS VC++ 16.8 / 16.9 (VS2019)

END.
